[12:02:10.428] Global cache location '/Users/marcel/Library/Caches/typescript/4.6', safe file path '/users/marcel/code/reading-browser-extension/node_modules/typescript/lib/typingsafelist.json', types map path /users/marcel/code/reading-browser-extension/node_modules/typescript/lib/typesmap.json
[12:02:10.430] Processing cache location '/Users/marcel/Library/Caches/typescript/4.6'
[12:02:10.430] Trying to find '/Users/marcel/Library/Caches/typescript/4.6/package.json'...
[12:02:10.484] Loaded content of '/Users/marcel/Library/Caches/typescript/4.6/package.json': {"private":true,"dependencies":{"types-registry":"^0.1.590"}}
[12:02:10.485] Loaded content of '/Users/marcel/Library/Caches/typescript/4.6/package-lock.json'
[12:02:10.486] Finished processing cache location '/Users/marcel/Library/Caches/typescript/4.6'
[12:02:10.487] Process id: 28483
[12:02:10.494] NPM location: /opt/homebrew/Cellar/node@16/16.15.0/bin/npm (explicit '--npmLocation' not  provided)
[12:02:10.494] validateDefaultNpmLocation: false
[12:02:10.496] Npm config file: /Users/marcel/Library/Caches/typescript/4.6/package.json
[12:02:10.496] Updating types-registry npm package...
[12:02:10.497] Exec: /opt/homebrew/Cellar/node@16/16.15.0/bin/npm install --ignore-scripts types-registry@latest
[12:02:11.612]     Succeeded. stdout:
    
    changed 1 package, and audited 2 packages in 936ms

found 0 vulnerabilities

[12:02:11.612] Updated types-registry npm package
[12:02:11.640] Got install request {"projectName":"/dev/null/inferredProject1*","fileNames":["/Users/marcel/code/reading-browser-extension/node_modules/typescript/lib/lib.es5.d.ts","/Users/marcel/code/reading-browser-extension/node_modules/typescript/lib/lib.es2015.d.ts","/Users/marcel/code/reading-browser-extension/node_modules/typescript/lib/lib.es2016.d.ts","/Users/marcel/code/reading-browser-extension/node_modules/typescript/lib/lib.dom.d.ts","/Users/marcel/code/reading-browser-extension/node_modules/typescript/lib/lib.dom.iterable.d.ts","/Users/marcel/code/reading-browser-extension/node_modules/typescript/lib/lib.webworker.importscripts.d.ts","/Users/marcel/code/reading-browser-extension/node_modules/typescript/lib/lib.scripthost.d.ts","/Users/marcel/code/reading-browser-extension/node_modules/typescript/lib/lib.es2015.core.d.ts","/Users/marcel/code/reading-browser-extension/node_modules/typescript/lib/lib.es2015.collection.d.ts","/Users/marcel/code/reading-browser-extension/node_modules/typescript/lib/lib.es2015.generator.d.ts","/Users/marcel/code/reading-browser-extension/node_modules/typescript/lib/lib.es2015.iterable.d.ts","/Users/marcel/code/reading-browser-extension/node_modules/typescript/lib/lib.es2015.promise.d.ts","/Users/marcel/code/reading-browser-extension/node_modules/typescript/lib/lib.es2015.proxy.d.ts","/Users/marcel/code/reading-browser-extension/node_modules/typescript/lib/lib.es2015.reflect.d.ts","/Users/marcel/code/reading-browser-extension/node_modules/typescript/lib/lib.es2015.symbol.d.ts","/Users/marcel/code/reading-browser-extension/node_modules/typescript/lib/lib.es2015.symbol.wellknown.d.ts","/Users/marcel/code/reading-browser-extension/node_modules/typescript/lib/lib.es2016.array.include.d.ts","/Users/marcel/code/reading-browser-extension/node_modules/typescript/lib/lib.es2016.full.d.ts","/Users/marcel/code/reading-browser-extension/source/options-storage.js","/Users/marcel/code/reading-browser-extension/source/content.js"],"compilerOptions":{"module":1,"target":3,"jsx":1,"allowJs":true,"allowSyntheticDefaultImports":true,"allowNonTsExtensions":true,"noEmitForJsFiles":true,"maxNodeModuleJsDepth":2},"typeAcquisition":{"enable":true,"include":[],"exclude":[]},"unresolvedImports":[],"projectRootPath":"/Users/marcel/code/reading-browser-extension/source","kind":"discover"}
[12:02:11.651] Loaded safelist from types map file '/users/marcel/code/reading-browser-extension/node_modules/typescript/lib/typesmap.json'
[12:02:11.652] Explicitly included types: []
[12:02:11.653] Inferred typings from unresolved imports: []
[12:02:11.653] Result: {"cachedTypingPaths":[],"newTypingNames":[],"filesToWatch":["/Users/marcel/code/reading-browser-extension/source/bower_components","/Users/marcel/code/reading-browser-extension/source/node_modules"]}
[12:02:11.653] Finished typings discovery: {"cachedTypingPaths":[],"newTypingNames":[],"filesToWatch":["/Users/marcel/code/reading-browser-extension/source/bower_components","/Users/marcel/code/reading-browser-extension/source/node_modules"]}
[12:02:11.653] DirectoryWatcher:: Added:: WatchInfo: /Users/marcel/code/reading-browser-extension/source/bower_components
[12:02:11.654] DirectoryWatcher:: Added:: WatchInfo: /Users/marcel/code/reading-browser-extension/source/bower_components 1 undefined Project: /dev/null/inferredProject1* watcher already invoked: false
[12:02:11.654] Elapsed:: 0.388374999165535ms DirectoryWatcher:: Added:: WatchInfo: /Users/marcel/code/reading-browser-extension/source/bower_components 1 undefined Project: /dev/null/inferredProject1* watcher already invoked: false
[12:02:11.654] DirectoryWatcher:: Added:: WatchInfo: /Users/marcel/code/reading-browser-extension/source/node_modules
[12:02:11.654] DirectoryWatcher:: Added:: WatchInfo: /Users/marcel/code/reading-browser-extension/source/node_modules 1 undefined Project: /dev/null/inferredProject1* watcher already invoked: false
[12:02:11.655] Elapsed:: 0.03674998879432678ms DirectoryWatcher:: Added:: WatchInfo: /Users/marcel/code/reading-browser-extension/source/node_modules 1 undefined Project: /dev/null/inferredProject1* watcher already invoked: false
[12:02:11.655] Sending response:
    {"projectName":"/dev/null/inferredProject1*","typeAcquisition":{"enable":true,"include":[],"exclude":[]},"compilerOptions":{"module":1,"target":3,"jsx":1,"allowJs":true,"allowSyntheticDefaultImports":true,"allowNonTsExtensions":true,"noEmitForJsFiles":true,"maxNodeModuleJsDepth":2},"typings":[],"unresolvedImports":[],"kind":"action::set"}
[12:02:11.655] Response has been sent.
[12:02:11.655] No new typings were requested as a result of typings discovery
[12:49:36.076] Got install request {"projectName":"/dev/null/inferredProject2*","fileNames":["/Users/marcel/code/reading-browser-extension/node_modules/typescript/lib/lib.es5.d.ts","/Users/marcel/code/reading-browser-extension/node_modules/typescript/lib/lib.es2015.d.ts","/Users/marcel/code/reading-browser-extension/node_modules/typescript/lib/lib.es2016.d.ts","/Users/marcel/code/reading-browser-extension/node_modules/typescript/lib/lib.dom.d.ts","/Users/marcel/code/reading-browser-extension/node_modules/typescript/lib/lib.dom.iterable.d.ts","/Users/marcel/code/reading-browser-extension/node_modules/typescript/lib/lib.webworker.importscripts.d.ts","/Users/marcel/code/reading-browser-extension/node_modules/typescript/lib/lib.scripthost.d.ts","/Users/marcel/code/reading-browser-extension/node_modules/typescript/lib/lib.es2015.core.d.ts","/Users/marcel/code/reading-browser-extension/node_modules/typescript/lib/lib.es2015.collection.d.ts","/Users/marcel/code/reading-browser-extension/node_modules/typescript/lib/lib.es2015.generator.d.ts","/Users/marcel/code/reading-browser-extension/node_modules/typescript/lib/lib.es2015.iterable.d.ts","/Users/marcel/code/reading-browser-extension/node_modules/typescript/lib/lib.es2015.promise.d.ts","/Users/marcel/code/reading-browser-extension/node_modules/typescript/lib/lib.es2015.proxy.d.ts","/Users/marcel/code/reading-browser-extension/node_modules/typescript/lib/lib.es2015.reflect.d.ts","/Users/marcel/code/reading-browser-extension/node_modules/typescript/lib/lib.es2015.symbol.d.ts","/Users/marcel/code/reading-browser-extension/node_modules/typescript/lib/lib.es2015.symbol.wellknown.d.ts","/Users/marcel/code/reading-browser-extension/node_modules/typescript/lib/lib.es2016.array.include.d.ts","/Users/marcel/code/reading-browser-extension/node_modules/typescript/lib/lib.es2016.full.d.ts","/Users/marcel/code/reading-browser-extension/source/options-storage.js","/Users/marcel/code/reading-browser-extension/source/background.js"],"compilerOptions":{"module":1,"target":3,"jsx":1,"allowJs":true,"allowSyntheticDefaultImports":true,"allowNonTsExtensions":true,"noEmitForJsFiles":true,"maxNodeModuleJsDepth":2},"typeAcquisition":{"enable":true,"include":[],"exclude":[]},"unresolvedImports":[],"projectRootPath":"/Users/marcel/code/reading-browser-extension/source","kind":"discover"}
[12:49:36.081] Explicitly included types: []
[12:49:36.083] Inferred typings from unresolved imports: []
[12:49:36.084] Result: {"cachedTypingPaths":[],"newTypingNames":[],"filesToWatch":["/Users/marcel/code/reading-browser-extension/source/bower_components","/Users/marcel/code/reading-browser-extension/source/node_modules"]}
[12:49:36.084] Finished typings discovery: {"cachedTypingPaths":[],"newTypingNames":[],"filesToWatch":["/Users/marcel/code/reading-browser-extension/source/bower_components","/Users/marcel/code/reading-browser-extension/source/node_modules"]}
[12:49:36.084] DirectoryWatcher:: Added:: WatchInfo: /Users/marcel/code/reading-browser-extension/source/bower_components
[12:49:36.087] DirectoryWatcher:: Added:: WatchInfo: /Users/marcel/code/reading-browser-extension/source/bower_components 1 undefined Project: /dev/null/inferredProject2* watcher already invoked: false
[12:49:36.088] Elapsed:: 0.756416991353035ms DirectoryWatcher:: Added:: WatchInfo: /Users/marcel/code/reading-browser-extension/source/bower_components 1 undefined Project: /dev/null/inferredProject2* watcher already invoked: false
[12:49:36.090] DirectoryWatcher:: Added:: WatchInfo: /Users/marcel/code/reading-browser-extension/source/node_modules
[12:49:36.090] DirectoryWatcher:: Added:: WatchInfo: /Users/marcel/code/reading-browser-extension/source/node_modules 1 undefined Project: /dev/null/inferredProject2* watcher already invoked: false
[12:49:36.091] Elapsed:: 0.11129100620746613ms DirectoryWatcher:: Added:: WatchInfo: /Users/marcel/code/reading-browser-extension/source/node_modules 1 undefined Project: /dev/null/inferredProject2* watcher already invoked: false
[12:49:36.092] Sending response:
    {"projectName":"/dev/null/inferredProject2*","typeAcquisition":{"enable":true,"include":[],"exclude":[]},"compilerOptions":{"module":1,"target":3,"jsx":1,"allowJs":true,"allowSyntheticDefaultImports":true,"allowNonTsExtensions":true,"noEmitForJsFiles":true,"maxNodeModuleJsDepth":2},"typings":[],"unresolvedImports":[],"kind":"action::set"}
[12:49:36.093] Response has been sent.
[12:49:36.093] No new typings were requested as a result of typings discovery
[13:04:58.665] Got install request {"projectName":"/dev/null/inferredProject2*","fileNames":["/Users/marcel/code/reading-browser-extension/node_modules/typescript/lib/lib.es5.d.ts","/Users/marcel/code/reading-browser-extension/node_modules/typescript/lib/lib.es2015.d.ts","/Users/marcel/code/reading-browser-extension/node_modules/typescript/lib/lib.es2016.d.ts","/Users/marcel/code/reading-browser-extension/node_modules/typescript/lib/lib.dom.d.ts","/Users/marcel/code/reading-browser-extension/node_modules/typescript/lib/lib.dom.iterable.d.ts","/Users/marcel/code/reading-browser-extension/node_modules/typescript/lib/lib.webworker.importscripts.d.ts","/Users/marcel/code/reading-browser-extension/node_modules/typescript/lib/lib.scripthost.d.ts","/Users/marcel/code/reading-browser-extension/node_modules/typescript/lib/lib.es2015.core.d.ts","/Users/marcel/code/reading-browser-extension/node_modules/typescript/lib/lib.es2015.collection.d.ts","/Users/marcel/code/reading-browser-extension/node_modules/typescript/lib/lib.es2015.generator.d.ts","/Users/marcel/code/reading-browser-extension/node_modules/typescript/lib/lib.es2015.iterable.d.ts","/Users/marcel/code/reading-browser-extension/node_modules/typescript/lib/lib.es2015.promise.d.ts","/Users/marcel/code/reading-browser-extension/node_modules/typescript/lib/lib.es2015.proxy.d.ts","/Users/marcel/code/reading-browser-extension/node_modules/typescript/lib/lib.es2015.reflect.d.ts","/Users/marcel/code/reading-browser-extension/node_modules/typescript/lib/lib.es2015.symbol.d.ts","/Users/marcel/code/reading-browser-extension/node_modules/typescript/lib/lib.es2015.symbol.wellknown.d.ts","/Users/marcel/code/reading-browser-extension/node_modules/typescript/lib/lib.es2016.array.include.d.ts","/Users/marcel/code/reading-browser-extension/node_modules/typescript/lib/lib.es2016.full.d.ts","/Users/marcel/code/reading-browser-extension/source/background.js"],"compilerOptions":{"module":1,"target":3,"jsx":1,"allowJs":true,"allowSyntheticDefaultImports":true,"allowNonTsExtensions":true,"noEmitForJsFiles":true,"maxNodeModuleJsDepth":2},"typeAcquisition":{"enable":true,"include":[],"exclude":[]},"unresolvedImports":[],"projectRootPath":"/Users/marcel/code/reading-browser-extension/source","kind":"discover"}
[13:04:58.672] Explicitly included types: []
[13:04:58.674] Inferred typings from unresolved imports: []
[13:04:58.674] Result: {"cachedTypingPaths":[],"newTypingNames":[],"filesToWatch":["/Users/marcel/code/reading-browser-extension/source/bower_components","/Users/marcel/code/reading-browser-extension/source/node_modules"]}
[13:04:58.675] Finished typings discovery: {"cachedTypingPaths":[],"newTypingNames":[],"filesToWatch":["/Users/marcel/code/reading-browser-extension/source/bower_components","/Users/marcel/code/reading-browser-extension/source/node_modules"]}
[13:04:58.676] Sending response:
    {"projectName":"/dev/null/inferredProject2*","typeAcquisition":{"enable":true,"include":[],"exclude":[]},"compilerOptions":{"module":1,"target":3,"jsx":1,"allowJs":true,"allowSyntheticDefaultImports":true,"allowNonTsExtensions":true,"noEmitForJsFiles":true,"maxNodeModuleJsDepth":2},"typings":[],"unresolvedImports":[],"kind":"action::set"}
[13:04:58.676] Response has been sent.
[13:04:58.677] No new typings were requested as a result of typings discovery
[13:07:46.891] Got install request {"projectName":"/dev/null/inferredProject1*","fileNames":["/Users/marcel/code/reading-browser-extension/node_modules/typescript/lib/lib.es5.d.ts","/Users/marcel/code/reading-browser-extension/node_modules/typescript/lib/lib.es2015.d.ts","/Users/marcel/code/reading-browser-extension/node_modules/typescript/lib/lib.es2016.d.ts","/Users/marcel/code/reading-browser-extension/node_modules/typescript/lib/lib.dom.d.ts","/Users/marcel/code/reading-browser-extension/node_modules/typescript/lib/lib.dom.iterable.d.ts","/Users/marcel/code/reading-browser-extension/node_modules/typescript/lib/lib.webworker.importscripts.d.ts","/Users/marcel/code/reading-browser-extension/node_modules/typescript/lib/lib.scripthost.d.ts","/Users/marcel/code/reading-browser-extension/node_modules/typescript/lib/lib.es2015.core.d.ts","/Users/marcel/code/reading-browser-extension/node_modules/typescript/lib/lib.es2015.collection.d.ts","/Users/marcel/code/reading-browser-extension/node_modules/typescript/lib/lib.es2015.generator.d.ts","/Users/marcel/code/reading-browser-extension/node_modules/typescript/lib/lib.es2015.iterable.d.ts","/Users/marcel/code/reading-browser-extension/node_modules/typescript/lib/lib.es2015.promise.d.ts","/Users/marcel/code/reading-browser-extension/node_modules/typescript/lib/lib.es2015.proxy.d.ts","/Users/marcel/code/reading-browser-extension/node_modules/typescript/lib/lib.es2015.reflect.d.ts","/Users/marcel/code/reading-browser-extension/node_modules/typescript/lib/lib.es2015.symbol.d.ts","/Users/marcel/code/reading-browser-extension/node_modules/typescript/lib/lib.es2015.symbol.wellknown.d.ts","/Users/marcel/code/reading-browser-extension/node_modules/typescript/lib/lib.es2016.array.include.d.ts","/Users/marcel/code/reading-browser-extension/node_modules/typescript/lib/lib.es2016.full.d.ts","/Users/marcel/code/reading-browser-extension/source/content.js"],"compilerOptions":{"module":1,"target":3,"jsx":1,"allowJs":true,"allowSyntheticDefaultImports":true,"allowNonTsExtensions":true,"noEmitForJsFiles":true,"maxNodeModuleJsDepth":2},"typeAcquisition":{"enable":true,"include":[],"exclude":[]},"unresolvedImports":[],"projectRootPath":"/Users/marcel/code/reading-browser-extension/source","kind":"discover"}
[13:07:46.893] Explicitly included types: []
[13:07:46.894] Inferred typings from unresolved imports: []
[13:07:46.894] Result: {"cachedTypingPaths":[],"newTypingNames":[],"filesToWatch":["/Users/marcel/code/reading-browser-extension/source/bower_components","/Users/marcel/code/reading-browser-extension/source/node_modules"]}
[13:07:46.894] Finished typings discovery: {"cachedTypingPaths":[],"newTypingNames":[],"filesToWatch":["/Users/marcel/code/reading-browser-extension/source/bower_components","/Users/marcel/code/reading-browser-extension/source/node_modules"]}
[13:07:46.895] Sending response:
    {"projectName":"/dev/null/inferredProject1*","typeAcquisition":{"enable":true,"include":[],"exclude":[]},"compilerOptions":{"module":1,"target":3,"jsx":1,"allowJs":true,"allowSyntheticDefaultImports":true,"allowNonTsExtensions":true,"noEmitForJsFiles":true,"maxNodeModuleJsDepth":2},"typings":[],"unresolvedImports":[],"kind":"action::set"}
[13:07:46.895] Response has been sent.
[13:07:46.895] No new typings were requested as a result of typings discovery
[15:15:31.207] Got install request {"projectName":"/dev/null/inferredProject3*","fileNames":["/Users/marcel/code/reading-browser-extension/node_modules/typescript/lib/lib.es5.d.ts","/Users/marcel/code/reading-browser-extension/node_modules/typescript/lib/lib.es2015.d.ts","/Users/marcel/code/reading-browser-extension/node_modules/typescript/lib/lib.es2016.d.ts","/Users/marcel/code/reading-browser-extension/node_modules/typescript/lib/lib.dom.d.ts","/Users/marcel/code/reading-browser-extension/node_modules/typescript/lib/lib.dom.iterable.d.ts","/Users/marcel/code/reading-browser-extension/node_modules/typescript/lib/lib.webworker.importscripts.d.ts","/Users/marcel/code/reading-browser-extension/node_modules/typescript/lib/lib.scripthost.d.ts","/Users/marcel/code/reading-browser-extension/node_modules/typescript/lib/lib.es2015.core.d.ts","/Users/marcel/code/reading-browser-extension/node_modules/typescript/lib/lib.es2015.collection.d.ts","/Users/marcel/code/reading-browser-extension/node_modules/typescript/lib/lib.es2015.generator.d.ts","/Users/marcel/code/reading-browser-extension/node_modules/typescript/lib/lib.es2015.iterable.d.ts","/Users/marcel/code/reading-browser-extension/node_modules/typescript/lib/lib.es2015.promise.d.ts","/Users/marcel/code/reading-browser-extension/node_modules/typescript/lib/lib.es2015.proxy.d.ts","/Users/marcel/code/reading-browser-extension/node_modules/typescript/lib/lib.es2015.reflect.d.ts","/Users/marcel/code/reading-browser-extension/node_modules/typescript/lib/lib.es2015.symbol.d.ts","/Users/marcel/code/reading-browser-extension/node_modules/typescript/lib/lib.es2015.symbol.wellknown.d.ts","/Users/marcel/code/reading-browser-extension/node_modules/typescript/lib/lib.es2016.array.include.d.ts","/Users/marcel/code/reading-browser-extension/node_modules/typescript/lib/lib.es2016.full.d.ts","/Users/marcel/code/reading-browser-extension/source/options-storage.js","/Users/marcel/code/reading-browser-extension/source/options.js"],"compilerOptions":{"module":1,"target":3,"jsx":1,"allowJs":true,"allowSyntheticDefaultImports":true,"allowNonTsExtensions":true,"noEmitForJsFiles":true,"maxNodeModuleJsDepth":2},"typeAcquisition":{"enable":true,"include":[],"exclude":[]},"unresolvedImports":["webext-base-css","webextension-polyfill"],"projectRootPath":"/Users/marcel/code/reading-browser-extension/source","kind":"discover"}
[15:15:31.227] Explicitly included types: []
[15:15:31.243] Inferred typings from unresolved imports: ["webext-base-css","webextension-polyfill"]
[15:15:31.249] Result: {"cachedTypingPaths":[],"newTypingNames":["webext-base-css","webextension-polyfill"],"filesToWatch":["/Users/marcel/code/reading-browser-extension/source/bower_components","/Users/marcel/code/reading-browser-extension/source/node_modules"]}
[15:15:31.249] Finished typings discovery: {"cachedTypingPaths":[],"newTypingNames":["webext-base-css","webextension-polyfill"],"filesToWatch":["/Users/marcel/code/reading-browser-extension/source/bower_components","/Users/marcel/code/reading-browser-extension/source/node_modules"]}
[15:15:31.250] DirectoryWatcher:: Added:: WatchInfo: /Users/marcel/code/reading-browser-extension/source/bower_components
[15:15:31.255] DirectoryWatcher:: Added:: WatchInfo: /Users/marcel/code/reading-browser-extension/source/bower_components 1 undefined Project: /dev/null/inferredProject3* watcher already invoked: false
[15:15:31.258] Elapsed:: 1.3269160091876984ms DirectoryWatcher:: Added:: WatchInfo: /Users/marcel/code/reading-browser-extension/source/bower_components 1 undefined Project: /dev/null/inferredProject3* watcher already invoked: false
[15:15:31.258] DirectoryWatcher:: Added:: WatchInfo: /Users/marcel/code/reading-browser-extension/source/node_modules
[15:15:31.259] DirectoryWatcher:: Added:: WatchInfo: /Users/marcel/code/reading-browser-extension/source/node_modules 1 undefined Project: /dev/null/inferredProject3* watcher already invoked: false
[15:15:31.259] Elapsed:: 0.043708011507987976ms DirectoryWatcher:: Added:: WatchInfo: /Users/marcel/code/reading-browser-extension/source/node_modules 1 undefined Project: /dev/null/inferredProject3* watcher already invoked: false
[15:15:31.263] Installing typings ["webext-base-css","webextension-polyfill"]
[15:15:31.270] 'webext-base-css':: Entry for package 'webext-base-css' does not exist in local types registry - skipping...
[15:15:31.274] Npm config file: /Users/marcel/Library/Caches/typescript/4.6/package.json
[15:15:31.274] Sending response:
    {"kind":"event::beginInstallTypes","eventId":1,"typingsInstallerVersion":"4.6.3","projectName":"/dev/null/inferredProject3*"}
[15:15:31.275] Response has been sent.
[15:15:31.278] #1 with arguments'["@types/webextension-polyfill@ts4.6"]'.
[15:15:31.278] Exec: /opt/homebrew/Cellar/node@16/16.15.0/bin/npm install --ignore-scripts @types/webextension-polyfill@ts4.6 --save-dev --user-agent="typesInstaller/4.6.3"
[15:15:33.683]     Succeeded. stdout:
    
    added 1 package, and audited 3 packages in 2s

found 0 vulnerabilities

[15:15:33.683] npm install #1 took: 2405 ms
[15:15:33.685] Installed typings ["@types/webextension-polyfill@ts4.6"]
[15:15:33.706] Installed typing files ["/Users/marcel/Library/Caches/typescript/4.6/node_modules/@types/webextension-polyfill/index.d.ts"]
[15:15:33.706] Sending response:
    {"projectName":"/dev/null/inferredProject3*","typeAcquisition":{"enable":true,"include":[],"exclude":[]},"compilerOptions":{"module":1,"target":3,"jsx":1,"allowJs":true,"allowSyntheticDefaultImports":true,"allowNonTsExtensions":true,"noEmitForJsFiles":true,"maxNodeModuleJsDepth":2},"typings":["/Users/marcel/Library/Caches/typescript/4.6/node_modules/@types/webextension-polyfill/index.d.ts"],"unresolvedImports":["webext-base-css","webextension-polyfill"],"kind":"action::set"}
[15:15:33.707] Response has been sent.
[15:15:33.707] Sending response:
    {"kind":"event::endInstallTypes","eventId":1,"projectName":"/dev/null/inferredProject3*","packagesToInstall":["@types/webextension-polyfill@ts4.6"],"installSuccess":true,"typingsInstallerVersion":"4.6.3"}
[15:15:33.707] Response has been sent.
[15:15:34.189] Got install request {"projectName":"/dev/null/inferredProject3*","fileNames":["/Users/marcel/code/reading-browser-extension/node_modules/typescript/lib/lib.es5.d.ts","/Users/marcel/code/reading-browser-extension/node_modules/typescript/lib/lib.es2015.d.ts","/Users/marcel/code/reading-browser-extension/node_modules/typescript/lib/lib.es2016.d.ts","/Users/marcel/code/reading-browser-extension/node_modules/typescript/lib/lib.dom.d.ts","/Users/marcel/code/reading-browser-extension/node_modules/typescript/lib/lib.dom.iterable.d.ts","/Users/marcel/code/reading-browser-extension/node_modules/typescript/lib/lib.webworker.importscripts.d.ts","/Users/marcel/code/reading-browser-extension/node_modules/typescript/lib/lib.scripthost.d.ts","/Users/marcel/code/reading-browser-extension/node_modules/typescript/lib/lib.es2015.core.d.ts","/Users/marcel/code/reading-browser-extension/node_modules/typescript/lib/lib.es2015.collection.d.ts","/Users/marcel/code/reading-browser-extension/node_modules/typescript/lib/lib.es2015.generator.d.ts","/Users/marcel/code/reading-browser-extension/node_modules/typescript/lib/lib.es2015.iterable.d.ts","/Users/marcel/code/reading-browser-extension/node_modules/typescript/lib/lib.es2015.promise.d.ts","/Users/marcel/code/reading-browser-extension/node_modules/typescript/lib/lib.es2015.proxy.d.ts","/Users/marcel/code/reading-browser-extension/node_modules/typescript/lib/lib.es2015.reflect.d.ts","/Users/marcel/code/reading-browser-extension/node_modules/typescript/lib/lib.es2015.symbol.d.ts","/Users/marcel/code/reading-browser-extension/node_modules/typescript/lib/lib.es2015.symbol.wellknown.d.ts","/Users/marcel/code/reading-browser-extension/node_modules/typescript/lib/lib.es2016.array.include.d.ts","/Users/marcel/code/reading-browser-extension/node_modules/typescript/lib/lib.es2016.full.d.ts","/Users/marcel/Library/Caches/typescript/4.6/node_modules/@types/webextension-polyfill/index.d.ts","/Users/marcel/code/reading-browser-extension/source/options-storage.js","/Users/marcel/code/reading-browser-extension/source/options.js"],"compilerOptions":{"module":1,"target":3,"jsx":1,"allowJs":true,"allowSyntheticDefaultImports":true,"allowNonTsExtensions":true,"noEmitForJsFiles":true,"maxNodeModuleJsDepth":2},"typeAcquisition":{"enable":true,"include":[],"exclude":[]},"unresolvedImports":["webext-base-css"],"projectRootPath":"/Users/marcel/code/reading-browser-extension/source","kind":"discover"}
[15:15:34.189] Explicitly included types: []
[15:15:34.189] Inferred typings from unresolved imports: ["webext-base-css"]
[15:15:34.190] Result: {"cachedTypingPaths":[],"newTypingNames":["webext-base-css"],"filesToWatch":["/Users/marcel/code/reading-browser-extension/source/bower_components","/Users/marcel/code/reading-browser-extension/source/node_modules"]}
[15:15:34.190] Finished typings discovery: {"cachedTypingPaths":[],"newTypingNames":["webext-base-css"],"filesToWatch":["/Users/marcel/code/reading-browser-extension/source/bower_components","/Users/marcel/code/reading-browser-extension/source/node_modules"]}
[15:15:34.190] Installing typings ["webext-base-css"]
[15:15:34.190] 'webext-base-css':: Entry for package 'webext-base-css' does not exist in local types registry - skipping...
[15:15:34.191] All typings are known to be missing or invalid - no need to install more typings
[15:15:34.191] Sending response:
    {"projectName":"/dev/null/inferredProject3*","typeAcquisition":{"enable":true,"include":[],"exclude":[]},"compilerOptions":{"module":1,"target":3,"jsx":1,"allowJs":true,"allowSyntheticDefaultImports":true,"allowNonTsExtensions":true,"noEmitForJsFiles":true,"maxNodeModuleJsDepth":2},"typings":[],"unresolvedImports":["webext-base-css"],"kind":"action::set"}
[15:15:34.191] Response has been sent.
[15:15:34.576] Got install request {"projectName":"/dev/null/inferredProject3*","fileNames":["/Users/marcel/code/reading-browser-extension/node_modules/typescript/lib/lib.es5.d.ts","/Users/marcel/code/reading-browser-extension/node_modules/typescript/lib/lib.es2015.d.ts","/Users/marcel/code/reading-browser-extension/node_modules/typescript/lib/lib.es2016.d.ts","/Users/marcel/code/reading-browser-extension/node_modules/typescript/lib/lib.dom.d.ts","/Users/marcel/code/reading-browser-extension/node_modules/typescript/lib/lib.dom.iterable.d.ts","/Users/marcel/code/reading-browser-extension/node_modules/typescript/lib/lib.webworker.importscripts.d.ts","/Users/marcel/code/reading-browser-extension/node_modules/typescript/lib/lib.scripthost.d.ts","/Users/marcel/code/reading-browser-extension/node_modules/typescript/lib/lib.es2015.core.d.ts","/Users/marcel/code/reading-browser-extension/node_modules/typescript/lib/lib.es2015.collection.d.ts","/Users/marcel/code/reading-browser-extension/node_modules/typescript/lib/lib.es2015.generator.d.ts","/Users/marcel/code/reading-browser-extension/node_modules/typescript/lib/lib.es2015.iterable.d.ts","/Users/marcel/code/reading-browser-extension/node_modules/typescript/lib/lib.es2015.promise.d.ts","/Users/marcel/code/reading-browser-extension/node_modules/typescript/lib/lib.es2015.proxy.d.ts","/Users/marcel/code/reading-browser-extension/node_modules/typescript/lib/lib.es2015.reflect.d.ts","/Users/marcel/code/reading-browser-extension/node_modules/typescript/lib/lib.es2015.symbol.d.ts","/Users/marcel/code/reading-browser-extension/node_modules/typescript/lib/lib.es2015.symbol.wellknown.d.ts","/Users/marcel/code/reading-browser-extension/node_modules/typescript/lib/lib.es2016.array.include.d.ts","/Users/marcel/code/reading-browser-extension/node_modules/typescript/lib/lib.es2016.full.d.ts","/Users/marcel/code/reading-browser-extension/source/options-storage.js","/Users/marcel/code/reading-browser-extension/source/options.js"],"compilerOptions":{"module":1,"target":3,"jsx":1,"allowJs":true,"allowSyntheticDefaultImports":true,"allowNonTsExtensions":true,"noEmitForJsFiles":true,"maxNodeModuleJsDepth":2},"typeAcquisition":{"enable":true,"include":[],"exclude":[]},"unresolvedImports":["webext-base-css"],"projectRootPath":"/Users/marcel/code/reading-browser-extension/source","kind":"discover"}
[15:15:34.577] Explicitly included types: []
[15:15:34.585] Inferred typings from unresolved imports: ["webext-base-css"]
[15:15:34.585] Result: {"cachedTypingPaths":[],"newTypingNames":["webext-base-css"],"filesToWatch":["/Users/marcel/code/reading-browser-extension/source/bower_components","/Users/marcel/code/reading-browser-extension/source/node_modules"]}
[15:15:34.586] Finished typings discovery: {"cachedTypingPaths":[],"newTypingNames":["webext-base-css"],"filesToWatch":["/Users/marcel/code/reading-browser-extension/source/bower_components","/Users/marcel/code/reading-browser-extension/source/node_modules"]}
[15:15:34.586] Installing typings ["webext-base-css"]
[15:15:34.586] 'webext-base-css':: Entry for package 'webext-base-css' does not exist in local types registry - skipping...
[15:15:34.586] All typings are known to be missing or invalid - no need to install more typings
[15:15:34.586] Sending response:
    {"projectName":"/dev/null/inferredProject3*","typeAcquisition":{"enable":true,"include":[],"exclude":[]},"compilerOptions":{"module":1,"target":3,"jsx":1,"allowJs":true,"allowSyntheticDefaultImports":true,"allowNonTsExtensions":true,"noEmitForJsFiles":true,"maxNodeModuleJsDepth":2},"typings":[],"unresolvedImports":["webext-base-css"],"kind":"action::set"}
[15:15:34.586] Response has been sent.
[15:15:42.901] Got install request {"projectName":"/dev/null/inferredProject2*","fileNames":["/Users/marcel/code/reading-browser-extension/node_modules/typescript/lib/lib.es5.d.ts","/Users/marcel/code/reading-browser-extension/node_modules/typescript/lib/lib.es2015.d.ts","/Users/marcel/code/reading-browser-extension/node_modules/typescript/lib/lib.es2016.d.ts","/Users/marcel/code/reading-browser-extension/node_modules/typescript/lib/lib.dom.d.ts","/Users/marcel/code/reading-browser-extension/node_modules/typescript/lib/lib.dom.iterable.d.ts","/Users/marcel/code/reading-browser-extension/node_modules/typescript/lib/lib.webworker.importscripts.d.ts","/Users/marcel/code/reading-browser-extension/node_modules/typescript/lib/lib.scripthost.d.ts","/Users/marcel/code/reading-browser-extension/node_modules/typescript/lib/lib.es2015.core.d.ts","/Users/marcel/code/reading-browser-extension/node_modules/typescript/lib/lib.es2015.collection.d.ts","/Users/marcel/code/reading-browser-extension/node_modules/typescript/lib/lib.es2015.generator.d.ts","/Users/marcel/code/reading-browser-extension/node_modules/typescript/lib/lib.es2015.iterable.d.ts","/Users/marcel/code/reading-browser-extension/node_modules/typescript/lib/lib.es2015.promise.d.ts","/Users/marcel/code/reading-browser-extension/node_modules/typescript/lib/lib.es2015.proxy.d.ts","/Users/marcel/code/reading-browser-extension/node_modules/typescript/lib/lib.es2015.reflect.d.ts","/Users/marcel/code/reading-browser-extension/node_modules/typescript/lib/lib.es2015.symbol.d.ts","/Users/marcel/code/reading-browser-extension/node_modules/typescript/lib/lib.es2015.symbol.wellknown.d.ts","/Users/marcel/code/reading-browser-extension/node_modules/typescript/lib/lib.es2016.array.include.d.ts","/Users/marcel/code/reading-browser-extension/node_modules/typescript/lib/lib.es2016.full.d.ts","/Users/marcel/code/reading-browser-extension/source/background.js"],"compilerOptions":{"module":1,"target":3,"jsx":1,"allowJs":true,"allowSyntheticDefaultImports":true,"allowNonTsExtensions":true,"noEmitForJsFiles":true,"maxNodeModuleJsDepth":2},"typeAcquisition":{"enable":true,"include":[],"exclude":[]},"unresolvedImports":[],"projectRootPath":"/Users/marcel/code/reading-browser-extension/source","kind":"discover"}
[15:15:42.902] Explicitly included types: []
[15:15:42.902] Inferred typings from unresolved imports: []
[15:15:42.902] Result: {"cachedTypingPaths":[],"newTypingNames":[],"filesToWatch":["/Users/marcel/code/reading-browser-extension/source/bower_components","/Users/marcel/code/reading-browser-extension/source/node_modules"]}
[15:15:42.903] Finished typings discovery: {"cachedTypingPaths":[],"newTypingNames":[],"filesToWatch":["/Users/marcel/code/reading-browser-extension/source/bower_components","/Users/marcel/code/reading-browser-extension/source/node_modules"]}
[15:15:42.903] Sending response:
    {"projectName":"/dev/null/inferredProject2*","typeAcquisition":{"enable":true,"include":[],"exclude":[]},"compilerOptions":{"module":1,"target":3,"jsx":1,"allowJs":true,"allowSyntheticDefaultImports":true,"allowNonTsExtensions":true,"noEmitForJsFiles":true,"maxNodeModuleJsDepth":2},"typings":[],"unresolvedImports":[],"kind":"action::set"}
[15:15:42.903] Response has been sent.
[15:15:42.903] No new typings were requested as a result of typings discovery
[15:15:46.776] Got install request {"projectName":"/dev/null/inferredProject2*","fileNames":["/Users/marcel/code/reading-browser-extension/node_modules/typescript/lib/lib.es5.d.ts","/Users/marcel/code/reading-browser-extension/node_modules/typescript/lib/lib.es2015.d.ts","/Users/marcel/code/reading-browser-extension/node_modules/typescript/lib/lib.es2016.d.ts","/Users/marcel/code/reading-browser-extension/node_modules/typescript/lib/lib.dom.d.ts","/Users/marcel/code/reading-browser-extension/node_modules/typescript/lib/lib.dom.iterable.d.ts","/Users/marcel/code/reading-browser-extension/node_modules/typescript/lib/lib.webworker.importscripts.d.ts","/Users/marcel/code/reading-browser-extension/node_modules/typescript/lib/lib.scripthost.d.ts","/Users/marcel/code/reading-browser-extension/node_modules/typescript/lib/lib.es2015.core.d.ts","/Users/marcel/code/reading-browser-extension/node_modules/typescript/lib/lib.es2015.collection.d.ts","/Users/marcel/code/reading-browser-extension/node_modules/typescript/lib/lib.es2015.generator.d.ts","/Users/marcel/code/reading-browser-extension/node_modules/typescript/lib/lib.es2015.iterable.d.ts","/Users/marcel/code/reading-browser-extension/node_modules/typescript/lib/lib.es2015.promise.d.ts","/Users/marcel/code/reading-browser-extension/node_modules/typescript/lib/lib.es2015.proxy.d.ts","/Users/marcel/code/reading-browser-extension/node_modules/typescript/lib/lib.es2015.reflect.d.ts","/Users/marcel/code/reading-browser-extension/node_modules/typescript/lib/lib.es2015.symbol.d.ts","/Users/marcel/code/reading-browser-extension/node_modules/typescript/lib/lib.es2015.symbol.wellknown.d.ts","/Users/marcel/code/reading-browser-extension/node_modules/typescript/lib/lib.es2016.array.include.d.ts","/Users/marcel/code/reading-browser-extension/node_modules/typescript/lib/lib.es2016.full.d.ts","/Users/marcel/code/reading-browser-extension/source/background.js"],"compilerOptions":{"module":1,"target":3,"jsx":1,"allowJs":true,"allowSyntheticDefaultImports":true,"allowNonTsExtensions":true,"noEmitForJsFiles":true,"maxNodeModuleJsDepth":2},"typeAcquisition":{"enable":true,"include":[],"exclude":[]},"unresolvedImports":[],"projectRootPath":"/Users/marcel/code/reading-browser-extension/source","kind":"discover"}
[15:15:46.777] Explicitly included types: []
[15:15:46.777] Inferred typings from unresolved imports: []
[15:15:46.777] Result: {"cachedTypingPaths":[],"newTypingNames":[],"filesToWatch":["/Users/marcel/code/reading-browser-extension/source/bower_components","/Users/marcel/code/reading-browser-extension/source/node_modules"]}
[15:15:46.777] Finished typings discovery: {"cachedTypingPaths":[],"newTypingNames":[],"filesToWatch":["/Users/marcel/code/reading-browser-extension/source/bower_components","/Users/marcel/code/reading-browser-extension/source/node_modules"]}
[15:15:46.777] Sending response:
    {"projectName":"/dev/null/inferredProject2*","typeAcquisition":{"enable":true,"include":[],"exclude":[]},"compilerOptions":{"module":1,"target":3,"jsx":1,"allowJs":true,"allowSyntheticDefaultImports":true,"allowNonTsExtensions":true,"noEmitForJsFiles":true,"maxNodeModuleJsDepth":2},"typings":[],"unresolvedImports":[],"kind":"action::set"}
[15:15:46.777] Response has been sent.
[15:15:46.777] No new typings were requested as a result of typings discovery
[15:15:47.178] Got install request {"projectName":"/dev/null/inferredProject2*","fileNames":["/Users/marcel/code/reading-browser-extension/node_modules/typescript/lib/lib.es5.d.ts","/Users/marcel/code/reading-browser-extension/node_modules/typescript/lib/lib.es2015.d.ts","/Users/marcel/code/reading-browser-extension/node_modules/typescript/lib/lib.es2016.d.ts","/Users/marcel/code/reading-browser-extension/node_modules/typescript/lib/lib.dom.d.ts","/Users/marcel/code/reading-browser-extension/node_modules/typescript/lib/lib.dom.iterable.d.ts","/Users/marcel/code/reading-browser-extension/node_modules/typescript/lib/lib.webworker.importscripts.d.ts","/Users/marcel/code/reading-browser-extension/node_modules/typescript/lib/lib.scripthost.d.ts","/Users/marcel/code/reading-browser-extension/node_modules/typescript/lib/lib.es2015.core.d.ts","/Users/marcel/code/reading-browser-extension/node_modules/typescript/lib/lib.es2015.collection.d.ts","/Users/marcel/code/reading-browser-extension/node_modules/typescript/lib/lib.es2015.generator.d.ts","/Users/marcel/code/reading-browser-extension/node_modules/typescript/lib/lib.es2015.iterable.d.ts","/Users/marcel/code/reading-browser-extension/node_modules/typescript/lib/lib.es2015.promise.d.ts","/Users/marcel/code/reading-browser-extension/node_modules/typescript/lib/lib.es2015.proxy.d.ts","/Users/marcel/code/reading-browser-extension/node_modules/typescript/lib/lib.es2015.reflect.d.ts","/Users/marcel/code/reading-browser-extension/node_modules/typescript/lib/lib.es2015.symbol.d.ts","/Users/marcel/code/reading-browser-extension/node_modules/typescript/lib/lib.es2015.symbol.wellknown.d.ts","/Users/marcel/code/reading-browser-extension/node_modules/typescript/lib/lib.es2016.array.include.d.ts","/Users/marcel/code/reading-browser-extension/node_modules/typescript/lib/lib.es2016.full.d.ts","/Users/marcel/code/reading-browser-extension/source/background.js"],"compilerOptions":{"module":1,"target":3,"jsx":1,"allowJs":true,"allowSyntheticDefaultImports":true,"allowNonTsExtensions":true,"noEmitForJsFiles":true,"maxNodeModuleJsDepth":2},"typeAcquisition":{"enable":true,"include":[],"exclude":[]},"unresolvedImports":[],"projectRootPath":"/Users/marcel/code/reading-browser-extension/source","kind":"discover"}
[15:15:47.178] Explicitly included types: []
[15:15:47.179] Inferred typings from unresolved imports: []
[15:15:47.179] Result: {"cachedTypingPaths":[],"newTypingNames":[],"filesToWatch":["/Users/marcel/code/reading-browser-extension/source/bower_components","/Users/marcel/code/reading-browser-extension/source/node_modules"]}
[15:15:47.179] Finished typings discovery: {"cachedTypingPaths":[],"newTypingNames":[],"filesToWatch":["/Users/marcel/code/reading-browser-extension/source/bower_components","/Users/marcel/code/reading-browser-extension/source/node_modules"]}
[15:15:47.179] Sending response:
    {"projectName":"/dev/null/inferredProject2*","typeAcquisition":{"enable":true,"include":[],"exclude":[]},"compilerOptions":{"module":1,"target":3,"jsx":1,"allowJs":true,"allowSyntheticDefaultImports":true,"allowNonTsExtensions":true,"noEmitForJsFiles":true,"maxNodeModuleJsDepth":2},"typings":[],"unresolvedImports":[],"kind":"action::set"}
[15:15:47.179] Response has been sent.
[15:15:47.179] No new typings were requested as a result of typings discovery
[15:16:08.222] Got install request {"projectName":"/dev/null/inferredProject3*","fileNames":["/Users/marcel/code/reading-browser-extension/node_modules/typescript/lib/lib.es5.d.ts","/Users/marcel/code/reading-browser-extension/node_modules/typescript/lib/lib.es2015.d.ts","/Users/marcel/code/reading-browser-extension/node_modules/typescript/lib/lib.es2016.d.ts","/Users/marcel/code/reading-browser-extension/node_modules/typescript/lib/lib.dom.d.ts","/Users/marcel/code/reading-browser-extension/node_modules/typescript/lib/lib.dom.iterable.d.ts","/Users/marcel/code/reading-browser-extension/node_modules/typescript/lib/lib.webworker.importscripts.d.ts","/Users/marcel/code/reading-browser-extension/node_modules/typescript/lib/lib.scripthost.d.ts","/Users/marcel/code/reading-browser-extension/node_modules/typescript/lib/lib.es2015.core.d.ts","/Users/marcel/code/reading-browser-extension/node_modules/typescript/lib/lib.es2015.collection.d.ts","/Users/marcel/code/reading-browser-extension/node_modules/typescript/lib/lib.es2015.generator.d.ts","/Users/marcel/code/reading-browser-extension/node_modules/typescript/lib/lib.es2015.iterable.d.ts","/Users/marcel/code/reading-browser-extension/node_modules/typescript/lib/lib.es2015.promise.d.ts","/Users/marcel/code/reading-browser-extension/node_modules/typescript/lib/lib.es2015.proxy.d.ts","/Users/marcel/code/reading-browser-extension/node_modules/typescript/lib/lib.es2015.reflect.d.ts","/Users/marcel/code/reading-browser-extension/node_modules/typescript/lib/lib.es2015.symbol.d.ts","/Users/marcel/code/reading-browser-extension/node_modules/typescript/lib/lib.es2015.symbol.wellknown.d.ts","/Users/marcel/code/reading-browser-extension/node_modules/typescript/lib/lib.es2016.array.include.d.ts","/Users/marcel/code/reading-browser-extension/node_modules/typescript/lib/lib.es2016.full.d.ts","/Users/marcel/code/reading-browser-extension/source/options.js"],"compilerOptions":{"module":1,"target":3,"jsx":1,"allowJs":true,"allowSyntheticDefaultImports":true,"allowNonTsExtensions":true,"noEmitForJsFiles":true,"maxNodeModuleJsDepth":2},"typeAcquisition":{"enable":true,"include":[],"exclude":[]},"unresolvedImports":["webext-base-css"],"projectRootPath":"/Users/marcel/code/reading-browser-extension/source","kind":"discover"}
[15:16:08.225] Explicitly included types: []
[15:16:08.226] Inferred typings from unresolved imports: ["webext-base-css"]
[15:16:08.229] Result: {"cachedTypingPaths":[],"newTypingNames":["webext-base-css"],"filesToWatch":["/Users/marcel/code/reading-browser-extension/source/bower_components","/Users/marcel/code/reading-browser-extension/source/node_modules"]}
[15:16:08.229] Finished typings discovery: {"cachedTypingPaths":[],"newTypingNames":["webext-base-css"],"filesToWatch":["/Users/marcel/code/reading-browser-extension/source/bower_components","/Users/marcel/code/reading-browser-extension/source/node_modules"]}
[15:16:08.230] Installing typings ["webext-base-css"]
[15:16:08.231] 'webext-base-css':: Entry for package 'webext-base-css' does not exist in local types registry - skipping...
[15:16:08.231] All typings are known to be missing or invalid - no need to install more typings
[15:16:08.231] Sending response:
    {"projectName":"/dev/null/inferredProject3*","typeAcquisition":{"enable":true,"include":[],"exclude":[]},"compilerOptions":{"module":1,"target":3,"jsx":1,"allowJs":true,"allowSyntheticDefaultImports":true,"allowNonTsExtensions":true,"noEmitForJsFiles":true,"maxNodeModuleJsDepth":2},"typings":[],"unresolvedImports":["webext-base-css"],"kind":"action::set"}
[15:16:08.231] Response has been sent.
[15:33:48.265] Got install request {"projectName":"/dev/null/inferredProject2*","fileNames":["/Users/marcel/code/reading-browser-extension/node_modules/typescript/lib/lib.es5.d.ts","/Users/marcel/code/reading-browser-extension/node_modules/typescript/lib/lib.es2015.d.ts","/Users/marcel/code/reading-browser-extension/node_modules/typescript/lib/lib.es2016.d.ts","/Users/marcel/code/reading-browser-extension/node_modules/typescript/lib/lib.dom.d.ts","/Users/marcel/code/reading-browser-extension/node_modules/typescript/lib/lib.dom.iterable.d.ts","/Users/marcel/code/reading-browser-extension/node_modules/typescript/lib/lib.webworker.importscripts.d.ts","/Users/marcel/code/reading-browser-extension/node_modules/typescript/lib/lib.scripthost.d.ts","/Users/marcel/code/reading-browser-extension/node_modules/typescript/lib/lib.es2015.core.d.ts","/Users/marcel/code/reading-browser-extension/node_modules/typescript/lib/lib.es2015.collection.d.ts","/Users/marcel/code/reading-browser-extension/node_modules/typescript/lib/lib.es2015.generator.d.ts","/Users/marcel/code/reading-browser-extension/node_modules/typescript/lib/lib.es2015.iterable.d.ts","/Users/marcel/code/reading-browser-extension/node_modules/typescript/lib/lib.es2015.promise.d.ts","/Users/marcel/code/reading-browser-extension/node_modules/typescript/lib/lib.es2015.proxy.d.ts","/Users/marcel/code/reading-browser-extension/node_modules/typescript/lib/lib.es2015.reflect.d.ts","/Users/marcel/code/reading-browser-extension/node_modules/typescript/lib/lib.es2015.symbol.d.ts","/Users/marcel/code/reading-browser-extension/node_modules/typescript/lib/lib.es2015.symbol.wellknown.d.ts","/Users/marcel/code/reading-browser-extension/node_modules/typescript/lib/lib.es2016.array.include.d.ts","/Users/marcel/code/reading-browser-extension/node_modules/typescript/lib/lib.es2016.full.d.ts","/Users/marcel/code/reading-browser-extension/source/content.js","/Users/marcel/code/reading-browser-extension/source/background.js"],"compilerOptions":{"module":1,"target":3,"jsx":1,"allowJs":true,"allowSyntheticDefaultImports":true,"allowNonTsExtensions":true,"noEmitForJsFiles":true,"maxNodeModuleJsDepth":2},"typeAcquisition":{"enable":true,"include":[],"exclude":[]},"unresolvedImports":[],"projectRootPath":"/Users/marcel/code/reading-browser-extension/source","kind":"discover"}
[15:33:48.274] Explicitly included types: []
[15:33:48.276] Inferred typings from unresolved imports: []
[15:33:48.282] Result: {"cachedTypingPaths":[],"newTypingNames":[],"filesToWatch":["/Users/marcel/code/reading-browser-extension/source/bower_components","/Users/marcel/code/reading-browser-extension/source/node_modules"]}
[15:33:48.282] Finished typings discovery: {"cachedTypingPaths":[],"newTypingNames":[],"filesToWatch":["/Users/marcel/code/reading-browser-extension/source/bower_components","/Users/marcel/code/reading-browser-extension/source/node_modules"]}
[15:33:48.284] Sending response:
    {"projectName":"/dev/null/inferredProject2*","typeAcquisition":{"enable":true,"include":[],"exclude":[]},"compilerOptions":{"module":1,"target":3,"jsx":1,"allowJs":true,"allowSyntheticDefaultImports":true,"allowNonTsExtensions":true,"noEmitForJsFiles":true,"maxNodeModuleJsDepth":2},"typings":[],"unresolvedImports":[],"kind":"action::set"}
[15:33:48.285] Response has been sent.
[15:33:48.285] No new typings were requested as a result of typings discovery
