Info 0    [21:32:20.015] Starting TS Server
Info 1    [21:32:20.017] Version: 4.6.3
Info 2    [21:32:20.017] Arguments: /opt/homebrew/Cellar/node@16/16.15.0/bin/node /Users/marcel/code/reading-browser-extension/node_modules/typescript/lib/tsserver.js --logFile /Users/marcel/code/reading-browser-extension/.log/tsserver.log --logVerbosity info --cancellationPipeName /private/var/folders/5k/9w9pmcps197bdr5x1jft_79r0000gn/T/dcdd3c65b82e4beeec19fc54ae1ffbf3/tscancellation*
Info 3    [21:32:20.017] Platform: darwin NodeVersion: 16 CaseSensitive: false
Info 4    [21:32:20.017] ServerMode: undefined syntaxOnly: false hasUnknownServerMode: undefined
Info 5    [21:32:20.028] Format host information updated
Info 6    [21:32:20.030] Search path: /Users/marcel/code/reading-browser-extension/distribution
Info 7    [21:32:20.031] For info: /Users/marcel/code/reading-browser-extension/distribution/background.a054f291.js :: No config files found.
Info 8    [21:32:20.033] Starting updateGraphWorker: Project: /dev/null/inferredProject1*
Info 9    [21:32:20.795] Finishing updateGraphWorker: Project: /dev/null/inferredProject1* Version: 1 structureChanged: true structureIsReused:: Not Elapsed: 762.2948330044746ms
Info 10   [21:32:20.796] Project '/dev/null/inferredProject1*' (Inferred)
Info 11   [21:32:20.796] 	Files (105)

Info 12   [21:32:20.796] -----------------------------------------------
Info 13   [21:32:20.809] AutoImportProviderProject: found 2 root files in 2 dependencies in 11.930916994810104 ms
Info 14   [21:32:20.810] Starting updateGraphWorker: Project: /dev/null/autoImportProviderProject1*
Info 15   [21:32:20.833] Finishing updateGraphWorker: Project: /dev/null/autoImportProviderProject1* Version: 1 structureChanged: true structureIsReused:: Not Elapsed: 23.143916003406048ms
Info 16   [21:32:20.833] Project '/dev/null/autoImportProviderProject1*' (AutoImportProvider)
Info 17   [21:32:20.833] 	Files (2)

Info 18   [21:32:20.833] -----------------------------------------------
Info 19   [21:34:57.675] Search path: /Users/marcel/code/reading-browser-extension/distribution
Info 20   [21:34:57.676] For info: /Users/marcel/code/reading-browser-extension/distribution/options.c1ff580f.js :: No config files found.
Info 21   [21:34:57.677] Starting updateGraphWorker: Project: /dev/null/inferredProject2*
Info 22   [21:34:57.737] Finishing updateGraphWorker: Project: /dev/null/inferredProject2* Version: 1 structureChanged: true structureIsReused:: Not Elapsed: 59.80145899951458ms
Info 23   [21:34:57.737] Project '/dev/null/inferredProject2*' (Inferred)
Info 24   [21:34:57.737] 	Files (105)

Info 25   [21:34:57.737] -----------------------------------------------
Info 26   [21:34:57.741] AutoImportProviderProject: found 2 root files in 2 dependencies in 2.416625000536442 ms
Info 27   [21:34:57.741] Starting updateGraphWorker: Project: /dev/null/autoImportProviderProject2*
Info 28   [21:34:57.743] Finishing updateGraphWorker: Project: /dev/null/autoImportProviderProject2* Version: 1 structureChanged: true structureIsReused:: Not Elapsed: 1.5294160023331642ms
Info 29   [21:34:57.743] Project '/dev/null/autoImportProviderProject2*' (AutoImportProvider)
Info 30   [21:34:57.743] 	Files (2)

Info 31   [21:34:57.743] -----------------------------------------------
Info 32   [21:35:27.006] Starting updateGraphWorker: Project: /dev/null/inferredProject1*
Info 33   [21:35:27.044] Finishing updateGraphWorker: Project: /dev/null/inferredProject1* Version: 2 structureChanged: false structureIsReused:: Completely Elapsed: 38.21637500077486ms
Info 34   [21:35:27.044] Different program with same set of files
Info 35   [21:36:09.802] Search path: /Users/marcel/code/reading-browser-extension/source
Info 36   [21:36:09.802] For info: /Users/marcel/code/reading-browser-extension/source/content.js :: No config files found.
Info 37   [21:36:09.803] Starting updateGraphWorker: Project: /dev/null/inferredProject3*
Info 38   [21:36:09.854] Finishing updateGraphWorker: Project: /dev/null/inferredProject3* Version: 1 structureChanged: true structureIsReused:: Not Elapsed: 50.80674999952316ms
Info 39   [21:36:09.854] Project '/dev/null/inferredProject3*' (Inferred)
Info 40   [21:36:09.854] 	Files (105)

Info 41   [21:36:09.854] -----------------------------------------------
Info 42   [21:36:09.859] AutoImportProviderProject: found 2 root files in 2 dependencies in 3.358042001724243 ms
Info 43   [21:36:09.860] Starting updateGraphWorker: Project: /dev/null/autoImportProviderProject3*
Info 44   [21:36:09.861] Finishing updateGraphWorker: Project: /dev/null/autoImportProviderProject3* Version: 1 structureChanged: true structureIsReused:: Not Elapsed: 0.9556670039892197ms
Info 45   [21:36:09.861] Project '/dev/null/autoImportProviderProject3*' (AutoImportProvider)
Info 46   [21:36:09.861] 	Files (2)

Info 47   [21:36:09.861] -----------------------------------------------
Info 48   [21:36:09.861] `remove Project::
Info 49   [21:36:09.861] Project '/dev/null/inferredProject2*' (Inferred)
Info 50   [21:36:09.861] 	Files (105)

Info 51   [21:36:09.861] -----------------------------------------------
Info 52   [21:36:09.861] Project '/dev/null/autoImportProviderProject2*' (AutoImportProvider)
Info 53   [21:36:09.861] 	Files (2)

Info 54   [21:36:09.861] -----------------------------------------------
Info 55   [21:36:12.607] Search path: /Users/marcel/code/reading-browser-extension/source
Info 56   [21:36:12.607] For info: /Users/marcel/code/reading-browser-extension/source/background.js :: No config files found.
Info 57   [21:36:12.608] Starting updateGraphWorker: Project: /dev/null/inferredProject4*
Info 58   [21:36:12.748] Finishing updateGraphWorker: Project: /dev/null/inferredProject4* Version: 1 structureChanged: true structureIsReused:: Not Elapsed: 140.20020899921656ms
Info 59   [21:36:12.748] Project '/dev/null/inferredProject4*' (Inferred)
Info 60   [21:36:12.748] 	Files (169)

Info 61   [21:36:12.748] -----------------------------------------------
Info 62   [21:36:12.750] AutoImportProviderProject: found 2 root files in 2 dependencies in 1.4356670007109642 ms
Info 63   [21:36:12.750] Starting updateGraphWorker: Project: /dev/null/autoImportProviderProject4*
Info 64   [21:36:12.750] Finishing updateGraphWorker: Project: /dev/null/autoImportProviderProject4* Version: 1 structureChanged: true structureIsReused:: Not Elapsed: 0.37641599774360657ms
Info 65   [21:36:12.750] Project '/dev/null/autoImportProviderProject4*' (AutoImportProvider)
Info 66   [21:36:12.750] 	Files (2)

Info 67   [21:36:12.750] -----------------------------------------------
Info 68   [21:36:12.751] `remove Project::
Info 69   [21:36:12.751] Project '/dev/null/inferredProject3*' (Inferred)
Info 70   [21:36:12.751] 	Files (105)

Info 71   [21:36:12.751] -----------------------------------------------
Info 72   [21:36:12.751] Project '/dev/null/autoImportProviderProject3*' (AutoImportProvider)
Info 73   [21:36:12.751] 	Files (2)

Info 74   [21:36:12.751] -----------------------------------------------
Info 75   [21:36:23.286] DirectoryWatcher:: Triggered with /Users/marcel/code/reading-browser-extension/source/content.css :: WatchInfo: /Users/marcel/code/reading-browser-extension/source 0 undefined Project: /dev/null/inferredProject4* WatchType: Failed Lookup Locations
Info 76   [21:36:23.286] Elapsed:: 0.1719999983906746ms DirectoryWatcher:: Triggered with /Users/marcel/code/reading-browser-extension/source/content.css :: WatchInfo: /Users/marcel/code/reading-browser-extension/source 0 undefined Project: /dev/null/inferredProject4* WatchType: Failed Lookup Locations
Info 77   [21:36:27.978] Starting updateGraphWorker: Project: /dev/null/inferredProject4*
Info 78   [21:36:27.985] Finishing updateGraphWorker: Project: /dev/null/inferredProject4* Version: 2 structureChanged: false structureIsReused:: Completely Elapsed: 7.215208001434803ms
Info 79   [21:36:27.985] Different program with same set of files
Info 80   [21:36:29.352] Starting updateGraphWorker: Project: /dev/null/inferredProject4*
Info 81   [21:36:29.361] Finishing updateGraphWorker: Project: /dev/null/inferredProject4* Version: 3 structureChanged: false structureIsReused:: Completely Elapsed: 8.823292002081871ms
Info 82   [21:36:29.361] Different program with same set of files
Info 83   [21:36:29.622] Starting updateGraphWorker: Project: /dev/null/inferredProject4*
Info 84   [21:36:29.628] Finishing updateGraphWorker: Project: /dev/null/inferredProject4* Version: 4 structureChanged: false structureIsReused:: Completely Elapsed: 6.5144999995827675ms
Info 85   [21:36:29.628] Different program with same set of files
Info 86   [21:36:30.467] Starting updateGraphWorker: Project: /dev/null/inferredProject4*
Info 87   [21:36:30.526] Finishing updateGraphWorker: Project: /dev/null/inferredProject4* Version: 5 structureChanged: true structureIsReused:: SafeModules Elapsed: 58.338959001004696ms
Info 88   [21:36:30.526] Project '/dev/null/inferredProject4*' (Inferred)
Info 89   [21:36:30.526] 	Files (168)

Info 90   [21:36:30.526] -----------------------------------------------
Info 91   [21:36:30.526] Project '/dev/null/autoImportProviderProject4*' (AutoImportProvider)
Info 92   [21:36:30.526] 	Files (2)

Info 93   [21:36:30.526] -----------------------------------------------
Info 94   [21:36:31.715] Starting updateGraphWorker: Project: /dev/null/inferredProject4*
Info 95   [21:36:31.724] Finishing updateGraphWorker: Project: /dev/null/inferredProject4* Version: 6 structureChanged: false structureIsReused:: Completely Elapsed: 8.585500001907349ms
Info 96   [21:36:31.724] Different program with same set of files
Info 97   [21:36:34.425] Starting updateGraphWorker: Project: /dev/null/inferredProject4*
Info 98   [21:36:34.431] Finishing updateGraphWorker: Project: /dev/null/inferredProject4* Version: 7 structureChanged: false structureIsReused:: Completely Elapsed: 6.465417005121708ms
Info 99   [21:36:34.431] Different program with same set of files
Info 100  [21:36:35.453] Starting updateGraphWorker: Project: /dev/null/inferredProject4*
Info 101  [21:36:35.461] Finishing updateGraphWorker: Project: /dev/null/inferredProject4* Version: 8 structureChanged: false structureIsReused:: Completely Elapsed: 6.818541996181011ms
Info 102  [21:36:35.461] Different program with same set of files
Info 103  [21:36:35.701] Starting updateGraphWorker: Project: /dev/null/inferredProject4*
Info 104  [21:36:35.705] Finishing updateGraphWorker: Project: /dev/null/inferredProject4* Version: 9 structureChanged: false structureIsReused:: Completely Elapsed: 3.862084001302719ms
Info 105  [21:36:35.705] Different program with same set of files
Info 106  [21:36:37.797] Starting updateGraphWorker: Project: /dev/null/inferredProject4*
Info 107  [21:36:37.809] Finishing updateGraphWorker: Project: /dev/null/inferredProject4* Version: 10 structureChanged: false structureIsReused:: Completely Elapsed: 11.964959003031254ms
Info 108  [21:36:37.809] Different program with same set of files
Info 109  [21:36:40.021] Starting updateGraphWorker: Project: /dev/null/inferredProject4*
Info 110  [21:36:40.025] Finishing updateGraphWorker: Project: /dev/null/inferredProject4* Version: 11 structureChanged: false structureIsReused:: Completely Elapsed: 3.8779169991612434ms
Info 111  [21:36:40.025] Different program with same set of files
Info 112  [21:36:45.883] Starting updateGraphWorker: Project: /dev/null/inferredProject4*
Info 113  [21:36:45.888] Finishing updateGraphWorker: Project: /dev/null/inferredProject4* Version: 12 structureChanged: false structureIsReused:: Completely Elapsed: 5.124207995831966ms
Info 114  [21:36:45.888] Different program with same set of files
Info 115  [21:36:46.485] Starting updateGraphWorker: Project: /dev/null/inferredProject4*
Info 116  [21:36:46.490] Finishing updateGraphWorker: Project: /dev/null/inferredProject4* Version: 13 structureChanged: false structureIsReused:: Completely Elapsed: 4.708625003695488ms
Info 117  [21:36:46.490] Different program with same set of files
Info 118  [21:36:46.850] Starting updateGraphWorker: Project: /dev/null/inferredProject4*
Info 119  [21:36:46.856] Finishing updateGraphWorker: Project: /dev/null/inferredProject4* Version: 14 structureChanged: false structureIsReused:: Completely Elapsed: 6.325458005070686ms
Info 120  [21:36:46.856] Different program with same set of files
Info 121  [21:36:47.004] Starting updateGraphWorker: Project: /dev/null/inferredProject4*
Info 122  [21:36:47.010] Finishing updateGraphWorker: Project: /dev/null/inferredProject4* Version: 15 structureChanged: false structureIsReused:: Completely Elapsed: 5.6483329981565475ms
Info 123  [21:36:47.010] Different program with same set of files
Info 124  [21:36:47.156] Starting updateGraphWorker: Project: /dev/null/inferredProject4*
Info 125  [21:36:47.164] Finishing updateGraphWorker: Project: /dev/null/inferredProject4* Version: 16 structureChanged: false structureIsReused:: Completely Elapsed: 8.38366699963808ms
Info 126  [21:36:47.164] Different program with same set of files
Info 127  [21:36:47.304] getCompletionData: Get current token: 0.015457995235919952
Info 128  [21:36:47.304] getCompletionData: Is inside comment: 0.002333998680114746
Info 129  [21:36:47.304] getCompletionData: Get previous token: 0.039667002856731415
Info 130  [21:36:47.304] getCompletionsAtPosition: isCompletionListBlocker: 0.13374999910593033
Info 131  [21:36:47.311] AutoImportProviderProject: found 2 root files in 2 dependencies in 3.7415419965982437 ms
Info 132  [21:36:47.312] Starting updateGraphWorker: Project: /dev/null/autoImportProviderProject4*
Info 133  [21:36:47.312] Finishing updateGraphWorker: Project: /dev/null/autoImportProviderProject4* Version: 2 structureChanged: false structureIsReused:: Not Elapsed: 0.8925000056624413ms
Info 134  [21:36:47.313] getExportInfoMap: cache miss or empty; calculating new results
Info 135  [21:36:47.331] forEachExternalModuleToImportFrom autoImportProvider: 0.17979099601507187
Info 136  [21:36:47.331] getExportInfoMap: done in 24.160374999046326 ms
Info 137  [21:36:47.351] collectAutoImports: resolved 2 module specifiers, plus 0 ambient and -1 from cache
Info 138  [21:36:47.351] collectAutoImports: response is complete
Info 139  [21:36:47.351] collectAutoImports: 19.969917006790638
Info 140  [21:36:47.351] getCompletionData: Semantic work: 47.06395800411701
Info 141  [21:36:47.373] getCompletionsAtPosition: getCompletionEntriesFromSymbols: 21.364082999527454
Info 142  [21:36:48.846] Starting updateGraphWorker: Project: /dev/null/inferredProject4*
Info 143  [21:36:48.851] Finishing updateGraphWorker: Project: /dev/null/inferredProject4* Version: 17 structureChanged: false structureIsReused:: Completely Elapsed: 4.998208001255989ms
Info 144  [21:36:48.851] Different program with same set of files
Info 145  [21:36:49.590] Starting updateGraphWorker: Project: /dev/null/inferredProject4*
Info 146  [21:36:49.595] Finishing updateGraphWorker: Project: /dev/null/inferredProject4* Version: 18 structureChanged: false structureIsReused:: Completely Elapsed: 5.386874996125698ms
Info 147  [21:36:49.595] Different program with same set of files
Info 148  [21:36:50.996] Starting updateGraphWorker: Project: /dev/null/inferredProject4*
Info 149  [21:36:51.000] Finishing updateGraphWorker: Project: /dev/null/inferredProject4* Version: 19 structureChanged: false structureIsReused:: Completely Elapsed: 4.117167003452778ms
Info 150  [21:36:51.000] Different program with same set of files
Info 151  [21:36:52.036] Starting updateGraphWorker: Project: /dev/null/inferredProject4*
Info 152  [21:36:52.041] Finishing updateGraphWorker: Project: /dev/null/inferredProject4* Version: 20 structureChanged: false structureIsReused:: Completely Elapsed: 5.1730000004172325ms
Info 153  [21:36:52.042] Different program with same set of files
Info 154  [21:36:52.237] Starting updateGraphWorker: Project: /dev/null/inferredProject4*
Info 155  [21:36:52.242] Finishing updateGraphWorker: Project: /dev/null/inferredProject4* Version: 21 structureChanged: false structureIsReused:: Completely Elapsed: 5.031708002090454ms
Info 156  [21:36:52.242] Different program with same set of files
Info 157  [21:36:52.385] Starting updateGraphWorker: Project: /dev/null/inferredProject4*
Info 158  [21:36:52.389] Finishing updateGraphWorker: Project: /dev/null/inferredProject4* Version: 22 structureChanged: false structureIsReused:: Completely Elapsed: 4.3594170063734055ms
Info 159  [21:36:52.389] Different program with same set of files
Info 160  [21:36:52.552] Starting updateGraphWorker: Project: /dev/null/inferredProject4*
Info 161  [21:36:52.560] Finishing updateGraphWorker: Project: /dev/null/inferredProject4* Version: 23 structureChanged: false structureIsReused:: Completely Elapsed: 7.967249996960163ms
Info 162  [21:36:52.561] Different program with same set of files
Info 163  [21:36:52.711] getCompletionData: Get current token: 0.008332997560501099
Info 164  [21:36:52.712] getCompletionData: Is inside comment: 0.0032089948654174805
Info 165  [21:36:52.712] getCompletionData: Get previous token: 0.06962500512599945
Info 166  [21:36:52.712] getCompletionsAtPosition: isCompletionListBlocker: 0.0029579997062683105
Info 167  [21:36:52.713] getCompletionData: Semantic work: 1.5262089967727661
Info 168  [21:36:52.717] getCompletionsAtPosition: getCompletionEntriesFromSymbols: 3.295250006020069
Info 169  [21:36:53.287] Starting updateGraphWorker: Project: /dev/null/inferredProject4*
Info 170  [21:36:53.292] Finishing updateGraphWorker: Project: /dev/null/inferredProject4* Version: 24 structureChanged: false structureIsReused:: Completely Elapsed: 4.654749996960163ms
Info 171  [21:36:53.292] Different program with same set of files
Info 172  [21:36:53.292] getCompletionData: Get current token: 0.008042000234127045
Info 173  [21:36:53.292] getCompletionData: Is inside comment: 0.0022080019116401672
Info 174  [21:36:53.292] getCompletionData: Get previous token: 0.052417002618312836
Info 175  [21:36:53.292] getCompletionsAtPosition: isCompletionListBlocker: 0.002374999225139618
Info 176  [21:36:53.293] getCompletionData: Semantic work: 0.9896669983863831
Info 177  [21:36:53.295] getCompletionsAtPosition: getCompletionEntriesFromSymbols: 1.9097499996423721
Info 178  [21:36:53.589] Starting updateGraphWorker: Project: /dev/null/inferredProject4*
Info 179  [21:36:53.599] Finishing updateGraphWorker: Project: /dev/null/inferredProject4* Version: 25 structureChanged: false structureIsReused:: Completely Elapsed: 9.33958300203085ms
Info 180  [21:36:53.599] Different program with same set of files
Info 181  [21:36:53.599] Starting updateGraphWorker: Project: /dev/null/inferredProject4*
Info 182  [21:36:53.602] Finishing updateGraphWorker: Project: /dev/null/inferredProject4* Version: 26 structureChanged: false structureIsReused:: Completely Elapsed: 2.9815840050578117ms
Info 183  [21:36:53.602] Different program with same set of files
Info 184  [21:36:54.581] Starting updateGraphWorker: Project: /dev/null/inferredProject4*
Info 185  [21:36:54.592] Finishing updateGraphWorker: Project: /dev/null/inferredProject4* Version: 27 structureChanged: false structureIsReused:: Completely Elapsed: 10.662500001490116ms
Info 186  [21:36:54.592] Different program with same set of files
Info 187  [21:36:54.592] Starting updateGraphWorker: Project: /dev/null/inferredProject4*
Info 188  [21:36:54.598] Finishing updateGraphWorker: Project: /dev/null/inferredProject4* Version: 28 structureChanged: false structureIsReused:: Completely Elapsed: 5.57124999910593ms
Info 189  [21:36:54.598] Different program with same set of files
Info 190  [21:36:55.068] Starting updateGraphWorker: Project: /dev/null/inferredProject4*
Info 191  [21:36:55.076] Finishing updateGraphWorker: Project: /dev/null/inferredProject4* Version: 29 structureChanged: false structureIsReused:: Completely Elapsed: 8.662749998271465ms
Info 192  [21:36:55.076] Different program with same set of files
Info 193  [21:36:55.417] Starting updateGraphWorker: Project: /dev/null/inferredProject4*
Info 194  [21:36:55.423] Finishing updateGraphWorker: Project: /dev/null/inferredProject4* Version: 30 structureChanged: false structureIsReused:: Completely Elapsed: 5.378541998565197ms
Info 195  [21:36:55.423] Different program with same set of files
Info 196  [21:36:55.424] getCompletionData: Get current token: 0.1542079970240593
Info 197  [21:36:55.424] getCompletionData: Is inside comment: 0.035457998514175415
Info 198  [21:36:55.424] getCompletionData: Get previous token: 0.1565830036997795
Info 199  [21:36:55.425] getCompletionsAtPosition: isCompletionListBlocker: 0.005166001617908478
Info 200  [21:36:55.427] getCompletionData: Semantic work: 1.0166670009493828
Info 201  [21:36:55.438] getCompletionData: Get current token: 0.017042003571987152
Info 202  [21:36:55.438] getCompletionData: Is inside comment: 0.004707999527454376
Info 203  [21:36:55.438] getCompletionData: Get previous token: 0.06833299994468689
Info 204  [21:36:55.438] getCompletionsAtPosition: isCompletionListBlocker: 0.0034999996423721313
Info 205  [21:36:55.439] getCompletionData: Semantic work: 0.6245840042829514
Info 206  [21:36:57.042] Starting updateGraphWorker: Project: /dev/null/inferredProject4*
Info 207  [21:36:57.048] Finishing updateGraphWorker: Project: /dev/null/inferredProject4* Version: 31 structureChanged: false structureIsReused:: Completely Elapsed: 5.902499996125698ms
Info 208  [21:36:57.048] Different program with same set of files
Info 209  [21:36:57.663] Starting updateGraphWorker: Project: /dev/null/inferredProject4*
Info 210  [21:36:57.667] Finishing updateGraphWorker: Project: /dev/null/inferredProject4* Version: 32 structureChanged: false structureIsReused:: Completely Elapsed: 3.7110410034656525ms
Info 211  [21:36:57.667] Different program with same set of files
Info 212  [21:36:58.067] Starting updateGraphWorker: Project: /dev/null/inferredProject4*
Info 213  [21:36:58.071] Finishing updateGraphWorker: Project: /dev/null/inferredProject4* Version: 33 structureChanged: false structureIsReused:: Completely Elapsed: 3.462958000600338ms
Info 214  [21:36:58.071] Different program with same set of files
Info 215  [21:36:58.753] Starting updateGraphWorker: Project: /dev/null/inferredProject4*
Info 216  [21:36:58.758] Finishing updateGraphWorker: Project: /dev/null/inferredProject4* Version: 34 structureChanged: false structureIsReused:: Completely Elapsed: 4.468166001141071ms
Info 217  [21:36:58.758] Different program with same set of files
Info 218  [21:36:59.869] Starting updateGraphWorker: Project: /dev/null/inferredProject4*
Info 219  [21:36:59.873] Finishing updateGraphWorker: Project: /dev/null/inferredProject4* Version: 35 structureChanged: false structureIsReused:: Completely Elapsed: 4.706292003393173ms
Info 220  [21:36:59.873] Different program with same set of files
Info 221  [21:36:59.985] Starting updateGraphWorker: Project: /dev/null/inferredProject4*
Info 222  [21:36:59.988] Finishing updateGraphWorker: Project: /dev/null/inferredProject4* Version: 36 structureChanged: false structureIsReused:: Completely Elapsed: 3.151290997862816ms
Info 223  [21:36:59.988] Different program with same set of files
Info 224  [21:37:00.175] Starting updateGraphWorker: Project: /dev/null/inferredProject4*
Info 225  [21:37:00.178] Finishing updateGraphWorker: Project: /dev/null/inferredProject4* Version: 37 structureChanged: false structureIsReused:: Completely Elapsed: 3.0621249973773956ms
Info 226  [21:37:00.178] Different program with same set of files
Info 227  [21:37:01.615] Starting updateGraphWorker: Project: /dev/null/inferredProject4*
Info 228  [21:37:01.620] Finishing updateGraphWorker: Project: /dev/null/inferredProject4* Version: 38 structureChanged: false structureIsReused:: Completely Elapsed: 4.631416000425816ms
Info 229  [21:37:01.620] Different program with same set of files
Info 230  [21:37:03.383] Before ensureProjectForOpenFiles:
Info 231  [21:37:03.389] Starting updateGraphWorker: Project: /dev/null/inferredProject5*
Info 232  [21:37:03.411] Finishing updateGraphWorker: Project: /dev/null/inferredProject5* Version: 1 structureChanged: true structureIsReused:: Not Elapsed: 21.23020800203085ms
Info 233  [21:37:03.411] Project '/dev/null/inferredProject5*' (Inferred)
Info 234  [21:37:03.411] 	Files (105)

Info 235  [21:37:03.411] -----------------------------------------------
Info 236  [21:37:03.414] AutoImportProviderProject: found 2 root files in 2 dependencies in 2.1563749983906746 ms
Info 237  [21:37:03.414] Starting updateGraphWorker: Project: /dev/null/autoImportProviderProject5*
Info 238  [21:37:03.415] Finishing updateGraphWorker: Project: /dev/null/autoImportProviderProject5* Version: 1 structureChanged: true structureIsReused:: Not Elapsed: 0.8058330044150352ms
Info 239  [21:37:03.415] Project '/dev/null/autoImportProviderProject5*' (AutoImportProvider)
Info 240  [21:37:03.415] 	Files (2)

Info 241  [21:37:03.415] -----------------------------------------------
Info 242  [21:37:03.415] After ensureProjectForOpenFiles:
Info 243  [21:37:05.165] Starting updateGraphWorker: Project: /dev/null/inferredProject5*
Info 244  [21:37:05.167] Finishing updateGraphWorker: Project: /dev/null/inferredProject5* Version: 2 structureChanged: false structureIsReused:: Completely Elapsed: 1.9753750041127205ms
Info 245  [21:37:05.167] Different program with same set of files
Info 246  [21:40:07.120] Starting updateGraphWorker: Project: /dev/null/inferredProject4*
Info 247  [21:40:07.141] Finishing updateGraphWorker: Project: /dev/null/inferredProject4* Version: 39 structureChanged: false structureIsReused:: Completely Elapsed: 20.11812499910593ms
Info 248  [21:40:07.141] Different program with same set of files
Info 249  [21:41:48.065] Search path: /Users/marcel/code/reading-browser-extension/source
Info 250  [21:41:48.065] For info: /Users/marcel/code/reading-browser-extension/source/boldify.js :: No config files found.
Info 251  [21:41:48.066] Starting updateGraphWorker: Project: /dev/null/inferredProject5*
Info 252  [21:41:48.113] Finishing updateGraphWorker: Project: /dev/null/inferredProject5* Version: 3 structureChanged: true structureIsReused:: Not Elapsed: 47.417582996189594ms
Info 253  [21:41:48.113] Project '/dev/null/inferredProject5*' (Inferred)
Info 254  [21:41:48.113] 	Files (105)

Info 255  [21:41:48.113] -----------------------------------------------
Info 256  [21:41:48.113] Project '/dev/null/autoImportProviderProject5*' (AutoImportProvider)
Info 257  [21:41:48.113] 	Files (2)

Info 258  [21:41:48.113] -----------------------------------------------
Info 259  [21:41:48.569] Starting updateGraphWorker: Project: /dev/null/inferredProject5*
Info 260  [21:41:48.574] Finishing updateGraphWorker: Project: /dev/null/inferredProject5* Version: 4 structureChanged: false structureIsReused:: Completely Elapsed: 4.262207999825478ms
Info 261  [21:41:48.574] Different program with same set of files
Info 262  [21:41:49.511] Starting updateGraphWorker: Project: /dev/null/inferredProject5*
Info 263  [21:41:49.519] Finishing updateGraphWorker: Project: /dev/null/inferredProject5* Version: 5 structureChanged: false structureIsReused:: Completely Elapsed: 6.975708998739719ms
Info 264  [21:41:49.519] Different program with same set of files
Info 265  [21:41:54.439] Starting updateGraphWorker: Project: /dev/null/inferredProject4*
Info 266  [21:41:54.449] Finishing updateGraphWorker: Project: /dev/null/inferredProject4* Version: 40 structureChanged: false structureIsReused:: Completely Elapsed: 9.584250003099442ms
Info 267  [21:41:54.449] Different program with same set of files
Info 268  [21:41:55.133] Starting updateGraphWorker: Project: /dev/null/inferredProject5*
Info 269  [21:41:55.144] Finishing updateGraphWorker: Project: /dev/null/inferredProject5* Version: 6 structureChanged: false structureIsReused:: Completely Elapsed: 10.084125004708767ms
Info 270  [21:41:55.144] Different program with same set of files
Info 271  [21:41:56.664] Starting updateGraphWorker: Project: /dev/null/inferredProject5*
Info 272  [21:41:56.670] Finishing updateGraphWorker: Project: /dev/null/inferredProject5* Version: 7 structureChanged: false structureIsReused:: Completely Elapsed: 6.035042002797127ms
Info 273  [21:41:56.670] Different program with same set of files
Info 274  [21:41:57.109] Starting updateGraphWorker: Project: /dev/null/inferredProject5*
Info 275  [21:41:57.118] Finishing updateGraphWorker: Project: /dev/null/inferredProject5* Version: 8 structureChanged: false structureIsReused:: Completely Elapsed: 8.309083998203278ms
Info 276  [21:41:57.118] Different program with same set of files
Info 277  [21:41:57.201] Starting updateGraphWorker: Project: /dev/null/inferredProject5*
Info 278  [21:41:57.207] Finishing updateGraphWorker: Project: /dev/null/inferredProject5* Version: 9 structureChanged: false structureIsReused:: Completely Elapsed: 6.046499997377396ms
Info 279  [21:41:57.207] Different program with same set of files
Info 280  [21:41:57.406] Starting updateGraphWorker: Project: /dev/null/inferredProject5*
Info 281  [21:41:57.417] Finishing updateGraphWorker: Project: /dev/null/inferredProject5* Version: 10 structureChanged: false structureIsReused:: Completely Elapsed: 10.779500000178814ms
Info 282  [21:41:57.417] Different program with same set of files
Info 283  [21:41:57.514] Starting updateGraphWorker: Project: /dev/null/inferredProject5*
Info 284  [21:41:57.518] Finishing updateGraphWorker: Project: /dev/null/inferredProject5* Version: 11 structureChanged: false structureIsReused:: Completely Elapsed: 4.263540998101234ms
Info 285  [21:41:57.518] Different program with same set of files
Info 286  [21:41:57.618] Starting updateGraphWorker: Project: /dev/null/inferredProject5*
Info 287  [21:41:57.622] Finishing updateGraphWorker: Project: /dev/null/inferredProject5* Version: 12 structureChanged: false structureIsReused:: Completely Elapsed: 4.416666999459267ms
Info 288  [21:41:57.622] Different program with same set of files
Info 289  [21:41:57.824] Starting updateGraphWorker: Project: /dev/null/inferredProject5*
Info 290  [21:41:57.829] Finishing updateGraphWorker: Project: /dev/null/inferredProject5* Version: 13 structureChanged: false structureIsReused:: Completely Elapsed: 5.1026250049471855ms
Info 291  [21:41:57.829] Different program with same set of files
Info 292  [21:41:57.910] Starting updateGraphWorker: Project: /dev/null/inferredProject5*
Info 293  [21:41:57.912] Finishing updateGraphWorker: Project: /dev/null/inferredProject5* Version: 14 structureChanged: false structureIsReused:: Completely Elapsed: 2.4187090024352074ms
Info 294  [21:41:57.912] Different program with same set of files
Info 295  [21:41:58.070] getCompletionData: Get current token: 0.0024169981479644775
Info 296  [21:41:58.070] getCompletionData: Is inside comment: 0.008749999105930328
Info 297  [21:41:58.070] getCompletionData: Get previous token: 0.01808299869298935
Info 298  [21:41:58.070] getCompletionsAtPosition: isCompletionListBlocker: 0.18095800280570984
Info 299  [21:41:58.082] AutoImportProviderProject: found 2 root files in 2 dependencies in 4.2516250014305115 ms
Info 300  [21:41:58.082] Starting updateGraphWorker: Project: /dev/null/autoImportProviderProject5*
Info 301  [21:41:58.082] Finishing updateGraphWorker: Project: /dev/null/autoImportProviderProject5* Version: 2 structureChanged: false structureIsReused:: Not Elapsed: 0.13049999624490738ms
Info 302  [21:41:58.082] getExportInfoMap: cache miss or empty; calculating new results
Info 303  [21:41:58.097] forEachExternalModuleToImportFrom autoImportProvider: 0.10258299857378006
Info 304  [21:41:58.097] getExportInfoMap: done in 19.36912500113249 ms
Info 305  [21:41:58.100] collectAutoImports: resolved 0 module specifiers, plus 0 ambient and 0 from cache
Info 306  [21:41:58.100] collectAutoImports: response is complete
Info 307  [21:41:58.100] collectAutoImports: 2.959458999335766
Info 308  [21:41:58.100] getCompletionData: Semantic work: 29.86379200220108
Info 309  [21:41:58.106] getCompletionsAtPosition: getCompletionEntriesFromSymbols: 5.638125002384186
Info 310  [21:41:58.277] Starting updateGraphWorker: Project: /dev/null/inferredProject5*
Info 311  [21:41:58.280] Finishing updateGraphWorker: Project: /dev/null/inferredProject5* Version: 15 structureChanged: false structureIsReused:: Completely Elapsed: 3.023667000234127ms
Info 312  [21:41:58.280] Different program with same set of files
Info 313  [21:41:58.526] Starting updateGraphWorker: Project: /dev/null/inferredProject5*
Info 314  [21:41:58.533] Finishing updateGraphWorker: Project: /dev/null/inferredProject5* Version: 16 structureChanged: false structureIsReused:: Completely Elapsed: 6.815958000719547ms
Info 315  [21:41:58.533] Different program with same set of files
Info 316  [21:41:59.105] Starting updateGraphWorker: Project: /dev/null/inferredProject5*
Info 317  [21:41:59.108] Finishing updateGraphWorker: Project: /dev/null/inferredProject5* Version: 17 structureChanged: false structureIsReused:: Completely Elapsed: 2.461125001311302ms
Info 318  [21:41:59.108] Different program with same set of files
Info 319  [21:42:00.561] Format host information updated
Info 320  [21:42:09.790] Starting updateGraphWorker: Project: /dev/null/inferredProject4*
Info 321  [21:42:09.797] Finishing updateGraphWorker: Project: /dev/null/inferredProject4* Version: 41 structureChanged: false structureIsReused:: Completely Elapsed: 6.879250004887581ms
Info 322  [21:42:09.797] Different program with same set of files
Info 323  [21:42:14.129] Starting updateGraphWorker: Project: /dev/null/inferredProject4*
Info 324  [21:42:14.138] Finishing updateGraphWorker: Project: /dev/null/inferredProject4* Version: 42 structureChanged: false structureIsReused:: Completely Elapsed: 8.73879100382328ms
Info 325  [21:42:14.138] Different program with same set of files
Info 326  [21:43:22.429] Starting updateGraphWorker: Project: /dev/null/inferredProject4*
Info 327  [21:43:22.440] Finishing updateGraphWorker: Project: /dev/null/inferredProject4* Version: 43 structureChanged: false structureIsReused:: Completely Elapsed: 10.060958996415138ms
Info 328  [21:43:22.440] Different program with same set of files
Info 329  [21:43:22.586] getCompletionData: Get current token: 0.008666001260280609
Info 330  [21:43:22.586] getCompletionData: Is inside comment: 0.02812500298023224
Info 331  [21:43:22.586] getCompletionData: Get previous token: 0.032040998339653015
Info 332  [21:43:22.587] getCompletionsAtPosition: isCompletionListBlocker: 0.1318330019712448
Info 333  [21:43:22.590] getCompletionData: Semantic work: 3.705625005066395
Info 334  [21:43:22.592] getCompletionsAtPosition: getCompletionEntriesFromSymbols: 0.14500000327825546
Info 335  [21:43:23.864] Starting updateGraphWorker: Project: /dev/null/inferredProject4*
Info 336  [21:43:23.876] Finishing updateGraphWorker: Project: /dev/null/inferredProject4* Version: 44 structureChanged: false structureIsReused:: Completely Elapsed: 11.918167002499104ms
Info 337  [21:43:23.876] Different program with same set of files
Info 338  [21:43:23.925] Starting updateGraphWorker: Project: /dev/null/inferredProject4*
Info 339  [21:43:23.933] Finishing updateGraphWorker: Project: /dev/null/inferredProject4* Version: 45 structureChanged: false structureIsReused:: Completely Elapsed: 7.942874997854233ms
Info 340  [21:43:23.933] Different program with same set of files
Info 341  [21:43:23.934] getCompletionData: Get current token: 0.03529199957847595
Info 342  [21:43:23.934] getCompletionData: Is inside comment: 0.007665999233722687
Info 343  [21:43:23.934] getCompletionData: Get previous token: 0.03508400171995163
Info 344  [21:43:23.934] getCompletionsAtPosition: isCompletionListBlocker: 0.003833003342151642
Info 345  [21:43:23.938] getCompletionData: Semantic work: 4.311500005424023
Info 346  [21:43:23.954] getCompletionData: Get current token: 0.014291994273662567
Info 347  [21:43:23.954] getCompletionData: Is inside comment: 0.003916002810001373
Info 348  [21:43:23.955] getCompletionData: Get previous token: 0.017999999225139618
Info 349  [21:43:23.955] getCompletionsAtPosition: isCompletionListBlocker: 0.0033750012516975403
Info 350  [21:43:23.955] getCompletionData: Semantic work: 0.4436660036444664
Info 351  [21:43:24.348] Starting updateGraphWorker: Project: /dev/null/inferredProject4*
Info 352  [21:43:24.356] Finishing updateGraphWorker: Project: /dev/null/inferredProject4* Version: 46 structureChanged: false structureIsReused:: Completely Elapsed: 6.945958003401756ms
Info 353  [21:43:24.356] Different program with same set of files
Info 354  [21:43:24.482] Starting updateGraphWorker: Project: /dev/null/inferredProject4*
Info 355  [21:43:24.491] Finishing updateGraphWorker: Project: /dev/null/inferredProject4* Version: 47 structureChanged: false structureIsReused:: Completely Elapsed: 9.181458003818989ms
Info 356  [21:43:24.491] Different program with same set of files
Info 357  [21:43:24.874] Starting updateGraphWorker: Project: /dev/null/inferredProject4*
Info 358  [21:43:24.878] Finishing updateGraphWorker: Project: /dev/null/inferredProject4* Version: 48 structureChanged: false structureIsReused:: Completely Elapsed: 3.9739160016179085ms
Info 359  [21:43:24.878] Different program with same set of files
Info 360  [21:43:25.628] Starting updateGraphWorker: Project: /dev/null/inferredProject4*
Info 361  [21:43:25.632] Finishing updateGraphWorker: Project: /dev/null/inferredProject4* Version: 49 structureChanged: false structureIsReused:: Completely Elapsed: 3.3140420019626617ms
Info 362  [21:43:25.632] Different program with same set of files
Info 363  [21:43:25.850] Starting updateGraphWorker: Project: /dev/null/inferredProject4*
Info 364  [21:43:25.855] Finishing updateGraphWorker: Project: /dev/null/inferredProject4* Version: 50 structureChanged: false structureIsReused:: Completely Elapsed: 5.015125006437302ms
Info 365  [21:43:25.855] Different program with same set of files
Info 366  [21:43:26.036] Starting updateGraphWorker: Project: /dev/null/inferredProject4*
Info 367  [21:43:26.040] Finishing updateGraphWorker: Project: /dev/null/inferredProject4* Version: 51 structureChanged: false structureIsReused:: Completely Elapsed: 3.4789160043001175ms
Info 368  [21:43:26.040] Different program with same set of files
Info 369  [21:43:26.248] Starting updateGraphWorker: Project: /dev/null/inferredProject4*
Info 370  [21:43:26.250] Finishing updateGraphWorker: Project: /dev/null/inferredProject4* Version: 52 structureChanged: false structureIsReused:: Completely Elapsed: 2.8312499970197678ms
Info 371  [21:43:26.250] Different program with same set of files
Info 372  [21:43:26.624] Starting updateGraphWorker: Project: /dev/null/inferredProject4*
Info 373  [21:43:26.632] Finishing updateGraphWorker: Project: /dev/null/inferredProject4* Version: 53 structureChanged: false structureIsReused:: Completely Elapsed: 7.90625ms
Info 374  [21:43:26.632] Different program with same set of files
Info 375  [21:43:26.781] Starting updateGraphWorker: Project: /dev/null/inferredProject4*
Info 376  [21:43:26.788] Finishing updateGraphWorker: Project: /dev/null/inferredProject4* Version: 54 structureChanged: false structureIsReused:: Completely Elapsed: 7.3484160006046295ms
Info 377  [21:43:26.788] Different program with same set of files
Info 378  [21:43:27.187] Starting updateGraphWorker: Project: /dev/null/inferredProject4*
Info 379  [21:43:27.197] Finishing updateGraphWorker: Project: /dev/null/inferredProject4* Version: 55 structureChanged: false structureIsReused:: Completely Elapsed: 10.073417000472546ms
Info 380  [21:43:27.197] Different program with same set of files
Info 381  [21:43:27.279] Starting updateGraphWorker: Project: /dev/null/inferredProject4*
Info 382  [21:43:27.284] Finishing updateGraphWorker: Project: /dev/null/inferredProject4* Version: 56 structureChanged: false structureIsReused:: Completely Elapsed: 5.054666996002197ms
Info 383  [21:43:27.285] Different program with same set of files
Info 384  [21:43:27.533] Starting updateGraphWorker: Project: /dev/null/inferredProject4*
Info 385  [21:43:27.538] Finishing updateGraphWorker: Project: /dev/null/inferredProject4* Version: 57 structureChanged: false structureIsReused:: Completely Elapsed: 5.642666004598141ms
Info 386  [21:43:27.539] Different program with same set of files
Info 387  [21:43:27.722] Starting updateGraphWorker: Project: /dev/null/inferredProject4*
Info 388  [21:43:27.731] Finishing updateGraphWorker: Project: /dev/null/inferredProject4* Version: 58 structureChanged: false structureIsReused:: Completely Elapsed: 8.484499998390675ms
Info 389  [21:43:27.731] Different program with same set of files
Info 390  [21:43:27.732] Starting updateGraphWorker: Project: /dev/null/inferredProject4*
Info 391  [21:43:27.735] Finishing updateGraphWorker: Project: /dev/null/inferredProject4* Version: 59 structureChanged: false structureIsReused:: Completely Elapsed: 2.9153750017285347ms
Info 392  [21:43:27.735] Different program with same set of files
Info 393  [21:43:29.302] Starting updateGraphWorker: Project: /dev/null/inferredProject4*
Info 394  [21:43:29.310] Finishing updateGraphWorker: Project: /dev/null/inferredProject4* Version: 60 structureChanged: false structureIsReused:: Completely Elapsed: 7.760999999940395ms
Info 395  [21:43:29.310] Different program with same set of files
Info 396  [21:43:29.811] Starting updateGraphWorker: Project: /dev/null/inferredProject4*
Info 397  [21:43:29.816] Finishing updateGraphWorker: Project: /dev/null/inferredProject4* Version: 61 structureChanged: false structureIsReused:: Completely Elapsed: 2.80349999666214ms
Info 398  [21:43:29.816] Different program with same set of files
Info 399  [21:44:22.966] Starting updateGraphWorker: Project: /dev/null/inferredProject4*
Info 400  [21:44:22.995] Finishing updateGraphWorker: Project: /dev/null/inferredProject4* Version: 62 structureChanged: false structureIsReused:: Completely Elapsed: 28.340499997138977ms
Info 401  [21:44:22.995] Different program with same set of files
Info 402  [21:44:23.197] Starting updateGraphWorker: Project: /dev/null/inferredProject4*
Info 403  [21:44:23.205] Finishing updateGraphWorker: Project: /dev/null/inferredProject4* Version: 63 structureChanged: false structureIsReused:: Completely Elapsed: 8.623499996960163ms
Info 404  [21:44:23.205] Different program with same set of files
Info 405  [21:44:23.275] Starting updateGraphWorker: Project: /dev/null/inferredProject4*
Info 406  [21:44:23.280] Finishing updateGraphWorker: Project: /dev/null/inferredProject4* Version: 64 structureChanged: false structureIsReused:: Completely Elapsed: 5.625417001545429ms
Info 407  [21:44:23.280] Different program with same set of files
Info 408  [21:44:23.411] Starting updateGraphWorker: Project: /dev/null/inferredProject4*
Info 409  [21:44:23.420] Finishing updateGraphWorker: Project: /dev/null/inferredProject4* Version: 65 structureChanged: false structureIsReused:: Completely Elapsed: 8.239957995712757ms
Info 410  [21:44:23.420] Different program with same set of files
Info 411  [21:44:23.420] Starting updateGraphWorker: Project: /dev/null/inferredProject4*
Info 412  [21:44:23.432] Finishing updateGraphWorker: Project: /dev/null/inferredProject4* Version: 66 structureChanged: false structureIsReused:: Completely Elapsed: 11.473708003759384ms
Info 413  [21:44:23.432] Different program with same set of files
Info 414  [21:44:23.626] getCompletionData: Get current token: 0.00641699880361557
Info 415  [21:44:23.626] getCompletionData: Is inside comment: 0.011624999344348907
Info 416  [21:44:23.626] getCompletionData: Get previous token: 0.017584003508090973
Info 417  [21:44:23.627] getCompletionsAtPosition: isCompletionListBlocker: 0.3233329951763153
Info 418  [21:44:23.631] getExportInfoMap: cache hit
Info 419  [21:44:23.634] collectAutoImports: resolved 0 module specifiers, plus 0 ambient and 0 from cache
Info 420  [21:44:23.634] collectAutoImports: response is complete
Info 421  [21:44:23.634] collectAutoImports: 2.7692090049386024
Info 422  [21:44:23.634] getCompletionData: Semantic work: 7.689083002507687
Info 423  [21:44:23.650] getCompletionsAtPosition: getCompletionEntriesFromSymbols: 15.3549580052495
Info 424  [21:44:23.654] getCompletionData: Get current token: 0.0030829980969429016
Info 425  [21:44:23.654] getCompletionData: Is inside comment: 0.11608399450778961
Info 426  [21:44:23.654] getCompletionData: Get previous token: 0.010208003222942352
Info 427  [21:44:23.654] getCompletionsAtPosition: isCompletionListBlocker: 0.011375002562999725
Info 428  [21:44:23.657] getExportInfoMap: cache hit
Info 429  [21:44:23.661] collectAutoImports: resolved 0 module specifiers, plus 0 ambient and 0 from cache
Info 430  [21:44:23.661] collectAutoImports: response is complete
Info 431  [21:44:23.661] collectAutoImports: 4.221959002315998
Info 432  [21:44:23.661] getCompletionData: Semantic work: 6.90370799601078
Info 433  [21:44:23.691] getCompletionsAtPosition: getCompletionEntriesFromSymbols: 27.6677910014987
Info 434  [21:44:23.697] getCompletionData: Get current token: 0.002709001302719116
Info 435  [21:44:23.697] getCompletionData: Is inside comment: 0.011084005236625671
Info 436  [21:44:23.697] getCompletionData: Get previous token: 0.013457998633384705
Info 437  [21:44:23.697] getCompletionsAtPosition: isCompletionListBlocker: 0.014417000114917755
Info 438  [21:44:23.702] getExportInfoMap: cache hit
Info 439  [21:44:23.705] collectAutoImports: resolved 0 module specifiers, plus 0 ambient and 0 from cache
Info 440  [21:44:23.705] collectAutoImports: response is complete
Info 441  [21:44:23.706] collectAutoImports: 3.713917002081871
Info 442  [21:44:23.706] getCompletionData: Semantic work: 8.323583006858826
Info 443  [21:44:23.718] getCompletionsAtPosition: getCompletionEntriesFromSymbols: 12.169959001243114
Info 444  [21:44:23.720] getCompletionData: Get current token: 0.002875000238418579
Info 445  [21:44:23.720] getCompletionData: Is inside comment: 0.0058339983224868774
Info 446  [21:44:23.720] getCompletionData: Get previous token: 0.007124997675418854
Info 447  [21:44:23.720] getCompletionsAtPosition: isCompletionListBlocker: 0.01054200530052185
Info 448  [21:44:23.723] getExportInfoMap: cache hit
Info 449  [21:44:23.725] collectAutoImports: resolved 0 module specifiers, plus 0 ambient and 0 from cache
Info 450  [21:44:23.726] collectAutoImports: response is complete
Info 451  [21:44:23.726] collectAutoImports: 1.9809169992804527
Info 452  [21:44:23.726] getCompletionData: Semantic work: 5.441750004887581
Info 453  [21:44:23.740] getCompletionsAtPosition: getCompletionEntriesFromSymbols: 14.713124997913837
Info 454  [21:44:23.743] Starting updateGraphWorker: Project: /dev/null/inferredProject4*
Info 455  [21:44:23.751] Finishing updateGraphWorker: Project: /dev/null/inferredProject4* Version: 67 structureChanged: false structureIsReused:: Completely Elapsed: 8.276542000472546ms
Info 456  [21:44:23.751] Different program with same set of files
Info 457  [21:44:23.751] getCompletionData: Get current token: 0.0049170032143592834
Info 458  [21:44:23.752] getCompletionData: Is inside comment: 0.007749997079372406
Info 459  [21:44:23.752] getCompletionData: Get previous token: 0.008084006607532501
Info 460  [21:44:23.752] getCompletionsAtPosition: isCompletionListBlocker: 0.010582998394966125
Info 461  [21:44:23.754] getExportInfoMap: cache hit
Info 462  [21:44:23.759] collectAutoImports: resolved 0 module specifiers, plus 0 ambient and 0 from cache
Info 463  [21:44:23.759] collectAutoImports: response is complete
Info 464  [21:44:23.759] collectAutoImports: 3.9192080050706863
Info 465  [21:44:23.759] getCompletionData: Semantic work: 7.177790999412537
Info 466  [21:44:23.771] getCompletionsAtPosition: getCompletionEntriesFromSymbols: 11.777874998748302
Info 467  [21:44:23.782] getCompletionData: Get current token: 0.0025830045342445374
Info 468  [21:44:23.782] getCompletionData: Is inside comment: 0.0060419961810112
Info 469  [21:44:23.782] getCompletionData: Get previous token: 0.006750002503395081
Info 470  [21:44:23.782] getCompletionsAtPosition: isCompletionListBlocker: 0.010917000472545624
Info 471  [21:44:23.784] getExportInfoMap: cache hit
Info 472  [21:44:23.785] collectAutoImports: resolved 0 module specifiers, plus 0 ambient and 0 from cache
Info 473  [21:44:23.785] collectAutoImports: response is complete
Info 474  [21:44:23.785] collectAutoImports: 1.4605000019073486
Info 475  [21:44:23.785] getCompletionData: Semantic work: 3.3138750046491623
Info 476  [21:44:23.792] getCompletionsAtPosition: getCompletionEntriesFromSymbols: 6.263916000723839
Info 477  [21:44:23.795] getCompletionData: Get current token: 0.007458999752998352
Info 478  [21:44:23.795] getCompletionData: Is inside comment: 0.013667002320289612
Info 479  [21:44:23.795] getCompletionData: Get previous token: 0.01862499862909317
Info 480  [21:44:23.795] getCompletionsAtPosition: isCompletionListBlocker: 0.017417006194591522
Info 481  [21:44:23.798] getExportInfoMap: cache hit
Info 482  [21:44:23.801] collectAutoImports: resolved 0 module specifiers, plus 0 ambient and 0 from cache
Info 483  [21:44:23.801] collectAutoImports: response is complete
Info 484  [21:44:23.801] collectAutoImports: 2.6206249967217445
Info 485  [21:44:23.801] getCompletionData: Semantic work: 5.227500006556511
Info 486  [21:44:23.809] getCompletionsAtPosition: getCompletionEntriesFromSymbols: 8.443250000476837
Info 487  [21:44:23.810] getCompletionData: Get current token: 0.0024169981479644775
Info 488  [21:44:23.810] getCompletionData: Is inside comment: 0.004749998450279236
Info 489  [21:44:23.810] getCompletionData: Get previous token: 0.006582997739315033
Info 490  [21:44:23.810] getCompletionsAtPosition: isCompletionListBlocker: 0.008500002324581146
Info 491  [21:44:23.812] getExportInfoMap: cache hit
Info 492  [21:44:23.813] collectAutoImports: resolved 0 module specifiers, plus 0 ambient and 0 from cache
Info 493  [21:44:23.813] collectAutoImports: response is complete
Info 494  [21:44:23.813] collectAutoImports: 0.8095830008387566
Info 495  [21:44:23.813] getCompletionData: Semantic work: 2.17408400028944
Info 496  [21:44:23.816] getCompletionsAtPosition: getCompletionEntriesFromSymbols: 3.2645410001277924
Info 497  [21:44:23.817] Starting updateGraphWorker: Project: /dev/null/inferredProject4*
Info 498  [21:44:23.819] Finishing updateGraphWorker: Project: /dev/null/inferredProject4* Version: 68 structureChanged: false structureIsReused:: Completely Elapsed: 2.4185840040445328ms
Info 499  [21:44:23.819] Different program with same set of files
Info 500  [21:44:23.820] getCompletionData: Get current token: 0.001457996666431427
Info 501  [21:44:23.820] getCompletionData: Is inside comment: 0.004625000059604645
Info 502  [21:44:23.820] getCompletionData: Get previous token: 0.007458999752998352
Info 503  [21:44:23.820] getCompletionsAtPosition: isCompletionListBlocker: 0.006000004708766937
Info 504  [21:44:23.822] getExportInfoMap: cache hit
Info 505  [21:44:23.835] collectAutoImports: resolved 0 module specifiers, plus 0 ambient and 57 from cache
Info 506  [21:44:23.835] collectAutoImports: response is complete
Info 507  [21:44:23.835] collectAutoImports: 13.128165997564793
Info 508  [21:44:23.835] getCompletionData: Semantic work: 15.206666998565197
Info 509  [21:44:23.841] getCompletionsAtPosition: getCompletionEntriesFromSymbols: 4.849833995103836
Info 510  [21:44:23.854] getCompletionData: Get current token: 0.0012909993529319763
Info 511  [21:44:23.854] getCompletionData: Is inside comment: 0.005083002150058746
Info 512  [21:44:23.854] getCompletionData: Get previous token: 0.009540997445583344
Info 513  [21:44:23.854] getCompletionsAtPosition: isCompletionListBlocker: 0.008124999701976776
Info 514  [21:44:23.855] getExportInfoMap: cache hit
Info 515  [21:44:23.865] collectAutoImports: resolved 0 module specifiers, plus 0 ambient and 57 from cache
Info 516  [21:44:23.865] collectAutoImports: response is complete
Info 517  [21:44:23.865] collectAutoImports: 10.442333996295929
Info 518  [21:44:23.865] getCompletionData: Semantic work: 11.805167004466057
Info 519  [21:44:23.870] getCompletionsAtPosition: getCompletionEntriesFromSymbols: 4.142167001962662
Info 520  [21:44:23.871] getCompletionData: Get current token: 0.0012499988079071045
Info 521  [21:44:23.872] getCompletionData: Is inside comment: 0.004958994686603546
Info 522  [21:44:23.872] getCompletionData: Get previous token: 0.006709001958370209
Info 523  [21:44:23.872] getCompletionsAtPosition: isCompletionListBlocker: 0.016957998275756836
Info 524  [21:44:23.873] getExportInfoMap: cache hit
Info 525  [21:44:23.880] collectAutoImports: resolved 0 module specifiers, plus 0 ambient and 57 from cache
Info 526  [21:44:23.880] collectAutoImports: response is complete
Info 527  [21:44:23.880] collectAutoImports: 7.095041997730732
Info 528  [21:44:23.880] getCompletionData: Semantic work: 8.578417003154755
Info 529  [21:44:23.883] getCompletionsAtPosition: getCompletionEntriesFromSymbols: 3.184790998697281
Info 530  [21:44:23.885] getCompletionData: Get current token: 0.001166999340057373
Info 531  [21:44:23.885] getCompletionData: Is inside comment: 0.005000002682209015
Info 532  [21:44:23.885] getCompletionData: Get previous token: 0.006624996662139893
Info 533  [21:44:23.885] getCompletionsAtPosition: isCompletionListBlocker: 0.007374994456768036
Info 534  [21:44:23.887] getExportInfoMap: cache hit
Info 535  [21:44:23.897] collectAutoImports: resolved 0 module specifiers, plus 0 ambient and 57 from cache
Info 536  [21:44:23.897] collectAutoImports: response is complete
Info 537  [21:44:23.897] collectAutoImports: 10.431207999587059
Info 538  [21:44:23.897] getCompletionData: Semantic work: 12.326457999646664
Info 539  [21:44:23.901] getCompletionsAtPosition: getCompletionEntriesFromSymbols: 3.4270419999957085
Info 540  [21:44:24.059] Starting updateGraphWorker: Project: /dev/null/inferredProject4*
Info 541  [21:44:24.063] Finishing updateGraphWorker: Project: /dev/null/inferredProject4* Version: 69 structureChanged: false structureIsReused:: Completely Elapsed: 3.782292000949383ms
Info 542  [21:44:24.063] Different program with same set of files
Info 543  [21:44:25.526] Starting updateGraphWorker: Project: /dev/null/inferredProject4*
Info 544  [21:44:25.533] Finishing updateGraphWorker: Project: /dev/null/inferredProject4* Version: 70 structureChanged: false structureIsReused:: Completely Elapsed: 7.053999997675419ms
Info 545  [21:44:25.534] Different program with same set of files
Info 546  [21:44:26.372] Starting updateGraphWorker: Project: /dev/null/inferredProject4*
Info 547  [21:44:26.395] Finishing updateGraphWorker: Project: /dev/null/inferredProject4* Version: 71 structureChanged: true structureIsReused:: SafeModules Elapsed: 22.659334003925323ms
Info 548  [21:44:26.395] Different program with same set of files
Info 549  [21:44:26.564] Starting updateGraphWorker: Project: /dev/null/inferredProject4*
Info 550  [21:44:26.593] Finishing updateGraphWorker: Project: /dev/null/inferredProject4* Version: 72 structureChanged: true structureIsReused:: SafeModules Elapsed: 28.728917002677917ms
Info 551  [21:44:26.593] Different program with same set of files
Info 552  [21:44:26.595] Starting updateGraphWorker: Project: /dev/null/inferredProject4*
Info 553  [21:44:26.617] Finishing updateGraphWorker: Project: /dev/null/inferredProject4* Version: 73 structureChanged: true structureIsReused:: SafeModules Elapsed: 21.27987500280142ms
Info 554  [21:44:26.617] Different program with same set of files
Info 555  [21:44:26.833] Starting updateGraphWorker: Project: /dev/null/inferredProject4*
Info 556  [21:44:26.857] Finishing updateGraphWorker: Project: /dev/null/inferredProject4* Version: 74 structureChanged: true structureIsReused:: SafeModules Elapsed: 24.018665999174118ms
Info 557  [21:44:26.857] Different program with same set of files
Info 558  [21:44:27.014] Starting updateGraphWorker: Project: /dev/null/inferredProject4*
Info 559  [21:44:27.031] Finishing updateGraphWorker: Project: /dev/null/inferredProject4* Version: 75 structureChanged: true structureIsReused:: SafeModules Elapsed: 17.028125002980232ms
Info 560  [21:44:27.031] Different program with same set of files
Info 561  [21:44:27.103] Starting updateGraphWorker: Project: /dev/null/inferredProject4*
Info 562  [21:44:27.120] Finishing updateGraphWorker: Project: /dev/null/inferredProject4* Version: 76 structureChanged: true structureIsReused:: SafeModules Elapsed: 16.6677919998765ms
Info 563  [21:44:27.120] Different program with same set of files
Info 564  [21:44:27.698] Starting updateGraphWorker: Project: /dev/null/inferredProject4*
Info 565  [21:44:27.704] Finishing updateGraphWorker: Project: /dev/null/inferredProject4* Version: 77 structureChanged: false structureIsReused:: Completely Elapsed: 6.232959002256393ms
Info 566  [21:44:27.704] Different program with same set of files
Info 567  [21:44:30.590] Starting updateGraphWorker: Project: /dev/null/inferredProject4*
Info 568  [21:44:30.618] Finishing updateGraphWorker: Project: /dev/null/inferredProject4* Version: 78 structureChanged: true structureIsReused:: SafeModules Elapsed: 27.80145800113678ms
Info 569  [21:44:30.618] Different program with same set of files
Info 570  [21:44:30.699] Starting updateGraphWorker: Project: /dev/null/inferredProject4*
Info 571  [21:44:30.718] Finishing updateGraphWorker: Project: /dev/null/inferredProject4* Version: 79 structureChanged: true structureIsReused:: SafeModules Elapsed: 19.021667003631592ms
Info 572  [21:44:30.718] Project '/dev/null/inferredProject4*' (Inferred)
Info 573  [21:44:30.718] 	Files (169)

Info 574  [21:44:30.718] -----------------------------------------------
Info 575  [21:44:30.718] Project '/dev/null/autoImportProviderProject4*' (AutoImportProvider)
Info 576  [21:44:30.718] 	Files (2)

Info 577  [21:44:30.718] -----------------------------------------------
Info 578  [21:44:33.763] Starting updateGraphWorker: Project: /dev/null/inferredProject4*
Info 579  [21:44:33.794] Finishing updateGraphWorker: Project: /dev/null/inferredProject4* Version: 80 structureChanged: true structureIsReused:: SafeModules Elapsed: 31.35012499988079ms
Info 580  [21:44:33.794] Different program with same set of files
Info 581  [21:44:50.146] Search path: /Users/marcel/code/reading-browser-extension/distribution
Info 582  [21:44:50.146] For info: /Users/marcel/code/reading-browser-extension/distribution/background.a054f291.js :: No config files found.
Info 583  [21:44:50.147] Starting updateGraphWorker: Project: /dev/null/inferredProject1*
Info 584  [21:44:50.160] Finishing updateGraphWorker: Project: /dev/null/inferredProject1* Version: 3 structureChanged: false structureIsReused:: Completely Elapsed: 13.62704199552536ms
Info 585  [21:44:50.160] Project '/dev/null/inferredProject1*' (Inferred)
Info 586  [21:44:50.160] 	Files (105)

Info 587  [21:44:50.160] -----------------------------------------------
Info 588  [21:44:50.160] Project '/dev/null/autoImportProviderProject1*' (AutoImportProvider)
Info 589  [21:44:50.160] 	Files (2)

Info 590  [21:44:50.160] -----------------------------------------------
Info 591  [21:44:50.162] `remove Project::
Info 592  [21:44:50.162] Project '/dev/null/inferredProject5*' (Inferred)
Info 593  [21:44:50.162] 	Files (105)

Info 594  [21:44:50.162] -----------------------------------------------
Info 595  [21:44:50.162] Project '/dev/null/autoImportProviderProject5*' (AutoImportProvider)
Info 596  [21:44:50.162] 	Files (2)

Info 597  [21:44:50.162] -----------------------------------------------
Info 598  [21:45:02.287] Starting updateGraphWorker: Project: /dev/null/inferredProject4*
Info 599  [21:45:02.307] Finishing updateGraphWorker: Project: /dev/null/inferredProject4* Version: 81 structureChanged: true structureIsReused:: SafeModules Elapsed: 19.62679199874401ms
Info 600  [21:45:02.307] Project '/dev/null/inferredProject4*' (Inferred)
Info 601  [21:45:02.307] 	Files (168)

Info 602  [21:45:02.307] -----------------------------------------------
Info 603  [21:45:02.307] Project '/dev/null/autoImportProviderProject4*' (AutoImportProvider)
Info 604  [21:45:02.307] 	Files (2)

Info 605  [21:45:02.307] -----------------------------------------------
Info 606  [21:47:45.810] Before ensureProjectForOpenFiles:
Info 607  [21:47:45.814] Starting updateGraphWorker: Project: /dev/null/inferredProject6*
Info 608  [21:47:45.844] Finishing updateGraphWorker: Project: /dev/null/inferredProject6* Version: 1 structureChanged: true structureIsReused:: Not Elapsed: 29.506000004708767ms
Info 609  [21:47:45.844] Project '/dev/null/inferredProject6*' (Inferred)
Info 610  [21:47:45.844] 	Files (105)

Info 611  [21:47:45.844] -----------------------------------------------
Info 612  [21:47:45.848] AutoImportProviderProject: found 2 root files in 2 dependencies in 2.9777499958872795 ms
Info 613  [21:47:45.849] Starting updateGraphWorker: Project: /dev/null/autoImportProviderProject6*
Info 614  [21:47:45.849] Finishing updateGraphWorker: Project: /dev/null/autoImportProviderProject6* Version: 1 structureChanged: true structureIsReused:: Not Elapsed: 0.5944589972496033ms
Info 615  [21:47:45.849] Project '/dev/null/autoImportProviderProject6*' (AutoImportProvider)
Info 616  [21:47:45.849] 	Files (2)

Info 617  [21:47:45.849] -----------------------------------------------
Info 618  [21:47:45.849] After ensureProjectForOpenFiles:
Info 619  [21:50:39.628] Search path: /Users/marcel/code/reading-browser-extension/distribution
Info 620  [21:50:39.628] For info: /Users/marcel/code/reading-browser-extension/distribution/background.a054f291.js :: No config files found.
Info 621  [21:50:39.628] Starting updateGraphWorker: Project: /dev/null/inferredProject1*
Info 622  [21:50:39.648] Finishing updateGraphWorker: Project: /dev/null/inferredProject1* Version: 4 structureChanged: false structureIsReused:: Completely Elapsed: 19.729209005832672ms
Info 623  [21:50:39.648] Project '/dev/null/inferredProject1*' (Inferred)
Info 624  [21:50:39.648] 	Files (105)

Info 625  [21:50:39.648] -----------------------------------------------
Info 626  [21:50:39.648] Project '/dev/null/autoImportProviderProject1*' (AutoImportProvider)
Info 627  [21:50:39.648] 	Files (2)

Info 628  [21:50:39.648] -----------------------------------------------
Info 629  [21:50:57.915] Search path: /Users/marcel/code/reading-browser-extension/distribution
Info 630  [21:50:57.915] For info: /Users/marcel/code/reading-browser-extension/distribution/boldify.js :: No config files found.
Info 631  [21:50:57.916] Starting updateGraphWorker: Project: /dev/null/inferredProject7*
Info 632  [21:50:57.936] Finishing updateGraphWorker: Project: /dev/null/inferredProject7* Version: 1 structureChanged: true structureIsReused:: Not Elapsed: 20.650625005364418ms
Info 633  [21:50:57.936] Project '/dev/null/inferredProject7*' (Inferred)
Info 634  [21:50:57.936] 	Files (105)

Info 635  [21:50:57.936] -----------------------------------------------
Info 636  [21:50:57.939] AutoImportProviderProject: found 2 root files in 2 dependencies in 2.4274169951677322 ms
Info 637  [21:50:57.939] Starting updateGraphWorker: Project: /dev/null/autoImportProviderProject7*
Info 638  [21:50:57.940] Finishing updateGraphWorker: Project: /dev/null/autoImportProviderProject7* Version: 1 structureChanged: true structureIsReused:: Not Elapsed: 0.28904200345277786ms
Info 639  [21:50:57.940] Project '/dev/null/autoImportProviderProject7*' (AutoImportProvider)
Info 640  [21:50:57.940] 	Files (2)

Info 641  [21:50:57.940] -----------------------------------------------
Info 642  [09:46:35.959] Search path: /Users/marcel/code/reading-browser-extension/source
Info 643  [09:46:35.987] For info: /Users/marcel/code/reading-browser-extension/source/boldify.js :: No config files found.
Info 644  [09:46:36.038] Starting updateGraphWorker: Project: /dev/null/inferredProject4*
Info 645  [09:46:36.700] Finishing updateGraphWorker: Project: /dev/null/inferredProject4* Version: 82 structureChanged: true structureIsReused:: Not Elapsed: 661.1889160275459ms
Info 646  [09:46:36.701] Project '/dev/null/inferredProject4*' (Inferred)
Info 647  [09:46:36.701] 	Files (105)

Info 648  [09:46:36.701] -----------------------------------------------
Info 649  [09:46:36.701] Project '/dev/null/autoImportProviderProject4*' (AutoImportProvider)
Info 650  [09:46:36.701] 	Files (2)

Info 651  [09:46:36.701] -----------------------------------------------
Info 652  [09:46:36.713] `remove Project::
Info 653  [09:46:36.713] Project '/dev/null/inferredProject1*' (Inferred)
Info 654  [09:46:36.713] 	Files (105)

Info 655  [09:46:36.713] -----------------------------------------------
Info 656  [09:46:36.713] Project '/dev/null/autoImportProviderProject1*' (AutoImportProvider)
Info 657  [09:46:36.715] 	Files (2)

Info 658  [09:46:36.715] -----------------------------------------------
Info 659  [09:46:36.724] `remove Project::
Info 660  [09:46:36.725] Project '/dev/null/inferredProject6*' (Inferred)
Info 661  [09:46:36.726] 	Files (105)

Info 662  [09:46:36.726] -----------------------------------------------
Info 663  [09:46:36.726] Project '/dev/null/autoImportProviderProject6*' (AutoImportProvider)
Info 664  [09:46:36.728] 	Files (2)

Info 665  [09:46:36.728] -----------------------------------------------
Info 666  [09:46:36.729] `remove Project::
Info 667  [09:46:36.729] Project '/dev/null/inferredProject7*' (Inferred)
Info 668  [09:46:36.731] 	Files (105)

Info 669  [09:46:36.731] -----------------------------------------------
Info 670  [09:46:36.731] Project '/dev/null/autoImportProviderProject7*' (AutoImportProvider)
Info 671  [09:46:36.733] 	Files (2)

Info 672  [09:46:36.733] -----------------------------------------------
Info 673  [09:46:42.228] Search path: /Users/marcel/code/reading-browser-extension/distribution
Info 674  [09:46:42.228] For info: /Users/marcel/code/reading-browser-extension/distribution/boldify.js :: No config files found.
Info 675  [09:46:42.228] Starting updateGraphWorker: Project: /dev/null/inferredProject8*
Info 676  [09:46:42.245] Finishing updateGraphWorker: Project: /dev/null/inferredProject8* Version: 1 structureChanged: true structureIsReused:: Not Elapsed: 16.43987500667572ms
Info 677  [09:46:42.245] Project '/dev/null/inferredProject8*' (Inferred)
Info 678  [09:46:42.245] 	Files (105)

Info 679  [09:46:42.245] -----------------------------------------------
Info 680  [09:46:42.283] AutoImportProviderProject: found 2 root files in 2 dependencies in 36.63475000858307 ms
Info 681  [09:46:42.283] Starting updateGraphWorker: Project: /dev/null/autoImportProviderProject8*
Info 682  [09:46:42.284] Finishing updateGraphWorker: Project: /dev/null/autoImportProviderProject8* Version: 1 structureChanged: true structureIsReused:: Not Elapsed: 0.5601660013198853ms
Info 683  [09:46:42.284] Project '/dev/null/autoImportProviderProject8*' (AutoImportProvider)
Info 684  [09:46:42.284] 	Files (2)

Info 685  [09:46:42.284] -----------------------------------------------
Info 686  [09:46:58.507] Search path: /Users/marcel/code/reading-browser-extension/source
Info 687  [09:46:58.508] For info: /Users/marcel/code/reading-browser-extension/source/background.js :: No config files found.
Info 688  [09:46:58.509] Starting updateGraphWorker: Project: /dev/null/inferredProject9*
Info 689  [09:46:58.798] Finishing updateGraphWorker: Project: /dev/null/inferredProject9* Version: 1 structureChanged: true structureIsReused:: Not Elapsed: 288.93208396434784ms
Info 690  [09:46:58.798] Project '/dev/null/inferredProject9*' (Inferred)
Info 691  [09:46:58.798] 	Files (168)

Info 692  [09:46:58.798] -----------------------------------------------
Info 693  [09:46:58.808] AutoImportProviderProject: found 2 root files in 2 dependencies in 5.492416024208069 ms
Info 694  [09:46:58.809] Starting updateGraphWorker: Project: /dev/null/autoImportProviderProject9*
Info 695  [09:46:58.810] Finishing updateGraphWorker: Project: /dev/null/autoImportProviderProject9* Version: 1 structureChanged: true structureIsReused:: Not Elapsed: 1.4314169883728027ms
Info 696  [09:46:58.810] Project '/dev/null/autoImportProviderProject9*' (AutoImportProvider)
Info 697  [09:46:58.810] 	Files (2)

Info 698  [09:46:58.810] -----------------------------------------------
Info 699  [09:55:02.544] Search path: /Users/marcel/code/reading-browser-extension/distribution
Info 700  [09:55:02.544] For info: /Users/marcel/code/reading-browser-extension/distribution/boldify.js :: No config files found.
Info 701  [09:55:02.546] Starting updateGraphWorker: Project: /dev/null/inferredProject8*
Info 702  [09:55:02.605] Finishing updateGraphWorker: Project: /dev/null/inferredProject8* Version: 2 structureChanged: false structureIsReused:: Completely Elapsed: 59.015625ms
Info 703  [09:55:02.605] Project '/dev/null/inferredProject8*' (Inferred)
Info 704  [09:55:02.605] 	Files (105)

Info 705  [09:55:02.605] -----------------------------------------------
Info 706  [09:55:02.605] Project '/dev/null/autoImportProviderProject8*' (AutoImportProvider)
Info 707  [09:55:02.605] 	Files (2)

Info 708  [09:55:02.605] -----------------------------------------------
Info 709  [09:55:05.428] Starting updateGraphWorker: Project: /dev/null/inferredProject8*
Info 710  [09:55:05.453] Finishing updateGraphWorker: Project: /dev/null/inferredProject8* Version: 3 structureChanged: false structureIsReused:: Completely Elapsed: 24.663540959358215ms
Info 711  [09:55:05.453] Different program with same set of files
Info 712  [09:55:26.211] Search path: /Users/marcel/code/reading-browser-extension/distribution
Info 713  [09:55:26.211] For info: /Users/marcel/code/reading-browser-extension/distribution/background.a054f291.js :: No config files found.
Info 714  [09:55:26.213] Starting updateGraphWorker: Project: /dev/null/inferredProject10*
Info 715  [09:55:26.297] Finishing updateGraphWorker: Project: /dev/null/inferredProject10* Version: 1 structureChanged: true structureIsReused:: Not Elapsed: 83.85616701841354ms
Info 716  [09:55:26.297] Project '/dev/null/inferredProject10*' (Inferred)
Info 717  [09:55:26.297] 	Files (105)

Info 718  [09:55:26.297] -----------------------------------------------
Info 719  [09:55:26.301] AutoImportProviderProject: found 2 root files in 2 dependencies in 3.0569589734077454 ms
Info 720  [09:55:26.301] Starting updateGraphWorker: Project: /dev/null/autoImportProviderProject10*
Info 721  [09:55:26.303] Finishing updateGraphWorker: Project: /dev/null/autoImportProviderProject10* Version: 1 structureChanged: true structureIsReused:: Not Elapsed: 1.2235829830169678ms
Info 722  [09:55:26.303] Project '/dev/null/autoImportProviderProject10*' (AutoImportProvider)
Info 723  [09:55:26.303] 	Files (2)

Info 724  [09:55:26.303] -----------------------------------------------
Info 725  [09:57:32.841] FileWatcher:: Triggered with /users/marcel/code/reading-browser-extension/package.json 1:: WatchInfo: /users/marcel/code/reading-browser-extension/package.json 250 undefined WatchType: package.json file
Info 726  [09:57:32.849] Elapsed:: 7.077041983604431ms FileWatcher:: Triggered with /users/marcel/code/reading-browser-extension/package.json 1:: WatchInfo: /users/marcel/code/reading-browser-extension/package.json 250 undefined WatchType: package.json file
Info 727  [09:57:32.881] FileWatcher:: Triggered with /users/marcel/code/reading-browser-extension/package.json 1:: WatchInfo: /users/marcel/code/reading-browser-extension/package.json 250 undefined WatchType: package.json file
Info 728  [09:57:32.881] Elapsed:: 0.2582089900970459ms FileWatcher:: Triggered with /users/marcel/code/reading-browser-extension/package.json 1:: WatchInfo: /users/marcel/code/reading-browser-extension/package.json 250 undefined WatchType: package.json file
Info 729  [09:57:39.147] Starting updateGraphWorker: Project: /dev/null/inferredProject8*
Info 730  [09:57:39.202] Finishing updateGraphWorker: Project: /dev/null/inferredProject8* Version: 4 structureChanged: false structureIsReused:: Completely Elapsed: 54.536916971206665ms
Info 731  [09:57:39.202] Different program with same set of files
Info 732  [09:58:09.169] FileWatcher:: Triggered with /Users/marcel/code/reading-browser-extension/distribution/background.a054f291.js 2:: WatchInfo: /Users/marcel/code/reading-browser-extension/distribution/background.a054f291.js 500 undefined WatchType: Closed Script info
Info 733  [09:58:09.171] Elapsed:: 1.429707944393158ms FileWatcher:: Triggered with /Users/marcel/code/reading-browser-extension/distribution/background.a054f291.js 2:: WatchInfo: /Users/marcel/code/reading-browser-extension/distribution/background.a054f291.js 500 undefined WatchType: Closed Script info
Info 734  [09:58:22.954] Starting updateGraphWorker: Project: /dev/null/inferredProject8*
Info 735  [09:58:23.001] Finishing updateGraphWorker: Project: /dev/null/inferredProject8* Version: 5 structureChanged: false structureIsReused:: Completely Elapsed: 41.64070802927017ms
Info 736  [09:58:23.001] Different program with same set of files
Info 737  [10:05:42.503] FileWatcher:: Triggered with /users/marcel/code/reading-browser-extension/package.json 1:: WatchInfo: /users/marcel/code/reading-browser-extension/package.json 250 undefined WatchType: package.json file
Info 738  [10:05:42.541] Elapsed:: 26.012250006198883ms FileWatcher:: Triggered with /users/marcel/code/reading-browser-extension/package.json 1:: WatchInfo: /users/marcel/code/reading-browser-extension/package.json 250 undefined WatchType: package.json file
Info 739  [10:05:42.769] Starting updateGraphWorker: Project: /dev/null/inferredProject8*
Info 740  [10:05:42.865] Finishing updateGraphWorker: Project: /dev/null/inferredProject8* Version: 6 structureChanged: false structureIsReused:: Completely Elapsed: 95.51299995183945ms
Info 741  [10:05:42.865] Different program with same set of files
Info 742  [10:06:05.402] FileWatcher:: Triggered with /users/marcel/code/reading-browser-extension/package.json 1:: WatchInfo: /users/marcel/code/reading-browser-extension/package.json 250 undefined WatchType: package.json file
Info 743  [10:06:05.405] Elapsed:: 1.9072499871253967ms FileWatcher:: Triggered with /users/marcel/code/reading-browser-extension/package.json 1:: WatchInfo: /users/marcel/code/reading-browser-extension/package.json 250 undefined WatchType: package.json file
Info 744  [10:08:05.935] FileWatcher:: Triggered with /users/marcel/code/reading-browser-extension/package.json 1:: WatchInfo: /users/marcel/code/reading-browser-extension/package.json 250 undefined WatchType: package.json file
Info 745  [10:08:05.950] Elapsed:: 12.094042003154755ms FileWatcher:: Triggered with /users/marcel/code/reading-browser-extension/package.json 1:: WatchInfo: /users/marcel/code/reading-browser-extension/package.json 250 undefined WatchType: package.json file
Info 746  [10:08:10.958] FileWatcher:: Triggered with /users/marcel/code/reading-browser-extension/package.json 1:: WatchInfo: /users/marcel/code/reading-browser-extension/package.json 250 undefined WatchType: package.json file
Info 747  [10:08:10.983] Elapsed:: 0.4879579544067383ms FileWatcher:: Triggered with /users/marcel/code/reading-browser-extension/package.json 1:: WatchInfo: /users/marcel/code/reading-browser-extension/package.json 250 undefined WatchType: package.json file
